{"E:\\Assessment Project\\readyon-timeoff\\apps\\hcm-mock-server\\src\\app.module.ts": {"path":"E:\\Assessment Project\\readyon-timeoff\\apps\\hcm-mock-server\\src\\app.module.ts","statementMap":{"0":{"start":{"line":1,"column":0},"end":{"line":1,"column":40}},"1":{"start":{"line":2,"column":0},"end":{"line":2,"column":46}},"2":{"start":{"line":3,"column":0},"end":{"line":3,"column":59}},"3":{"start":{"line":4,"column":0},"end":{"line":4,"column":65}},"4":{"start":{"line":5,"column":0},"end":{"line":5,"column":68}},"5":{"start":{"line":17,"column":7},"end":{"line":17,"column":null}},"6":{"start":{"line":17,"column":13},"end":{"line":17,"column":25}},"7":{"start":{"line":17,"column":13},"end":{"line":17,"column":null}}},"fnMap":{},"branchMap":{},"s":{"0":0,"1":0,"2":0,"3":0,"4":0,"5":0,"6":0,"7":0},"f":{},"b":{}}
,"E:\\Assessment Project\\readyon-timeoff\\apps\\hcm-mock-server\\src\\balance\\balance.controller.ts": {"path":"E:\\Assessment Project\\readyon-timeoff\\apps\\hcm-mock-server\\src\\balance\\balance.controller.ts","statementMap":{"0":{"start":{"line":1,"column":0},"end":{"line":1,"column":124}},"1":{"start":{"line":2,"column":0},"end":{"line":2,"column":51}},"2":{"start":{"line":29,"column":7},"end":{"line":88,"column":null}},"3":{"start":{"line":30,"column":31},"end":{"line":30,"column":47}},"4":{"start":{"line":38,"column":4},"end":{"line":52,"column":5}},"5":{"start":{"line":39,"column":22},"end":{"line":39,"column":87}},"6":{"start":{"line":40,"column":6},"end":{"line":46,"column":8}},"7":{"start":{"line":48,"column":6},"end":{"line":50,"column":7}},"8":{"start":{"line":49,"column":8},"end":{"line":49,"column":79}},"9":{"start":{"line":51,"column":6},"end":{"line":51,"column":73}},"10":{"start":{"line":57,"column":4},"end":{"line":72,"column":5}},"11":{"start":{"line":58,"column":6},"end":{"line":66,"column":8}},"12":{"start":{"line":68,"column":6},"end":{"line":70,"column":7}},"13":{"start":{"line":69,"column":8},"end":{"line":69,"column":79}},"14":{"start":{"line":71,"column":6},"end":{"line":71,"column":62}},"15":{"start":{"line":77,"column":4},"end":{"line":81,"column":5}},"16":{"start":{"line":78,"column":6},"end":{"line":78,"column":56}},"17":{"start":{"line":80,"column":6},"end":{"line":80,"column":77}},"18":{"start":{"line":86,"column":4},"end":{"line":86,"column":48}},"19":{"start":{"line":29,"column":13},"end":{"line":29,"column":30}},"20":{"start":{"line":33,"column":2},"end":{"line":53,"column":null}},"21":{"start":{"line":56,"column":2},"end":{"line":73,"column":null}},"22":{"start":{"line":76,"column":2},"end":{"line":82,"column":null}},"23":{"start":{"line":85,"column":2},"end":{"line":87,"column":null}},"24":{"start":{"line":29,"column":13},"end":{"line":88,"column":null}}},"fnMap":{"0":{"name":"(anonymous_4)","decl":{"start":{"line":30,"column":2},"end":{"line":30,"column":31}},"loc":{"start":{"line":30,"column":61},"end":{"line":30,"column":65}}},"1":{"name":"(anonymous_5)","decl":{"start":{"line":33,"column":2},"end":{"line":33,"column":12}},"loc":{"start":{"line":36,"column":41},"end":{"line":53,"column":3}}},"2":{"name":"(anonymous_6)","decl":{"start":{"line":56,"column":2},"end":{"line":56,"column":13}},"loc":{"start":{"line":56,"column":49},"end":{"line":73,"column":3}}},"3":{"name":"(anonymous_7)","decl":{"start":{"line":76,"column":2},"end":{"line":76,"column":16}},"loc":{"start":{"line":76,"column":62},"end":{"line":82,"column":3}}},"4":{"name":"(anonymous_8)","decl":{"start":{"line":85,"column":2},"end":{"line":85,"column":18}},"loc":{"start":{"line":85,"column":18},"end":{"line":87,"column":3}}}},"branchMap":{"0":{"loc":{"start":{"line":48,"column":6},"end":{"line":50,"column":7}},"type":"if","locations":[{"start":{"line":48,"column":6},"end":{"line":50,"column":7}}]},"1":{"loc":{"start":{"line":48,"column":10},"end":{"line":48,"column":81}},"type":"binary-expr","locations":[{"start":{"line":48,"column":10},"end":{"line":48,"column":32}},{"start":{"line":48,"column":36},"end":{"line":48,"column":81}}]},"2":{"loc":{"start":{"line":68,"column":6},"end":{"line":70,"column":7}},"type":"if","locations":[{"start":{"line":68,"column":6},"end":{"line":70,"column":7}}]},"3":{"loc":{"start":{"line":68,"column":10},"end":{"line":68,"column":81}},"type":"binary-expr","locations":[{"start":{"line":68,"column":10},"end":{"line":68,"column":32}},{"start":{"line":68,"column":36},"end":{"line":68,"column":81}}]}},"s":{"0":0,"1":0,"2":0,"3":0,"4":0,"5":0,"6":0,"7":0,"8":0,"9":0,"10":0,"11":0,"12":0,"13":0,"14":0,"15":0,"16":0,"17":0,"18":0,"19":0,"20":0,"21":0,"22":0,"23":0,"24":0},"f":{"0":0,"1":0,"2":0,"3":0,"4":0},"b":{"0":[0],"1":[0,0],"2":[0],"3":[0,0]}}
,"E:\\Assessment Project\\readyon-timeoff\\apps\\hcm-mock-server\\src\\balance\\balance.service.ts": {"path":"E:\\Assessment Project\\readyon-timeoff\\apps\\hcm-mock-server\\src\\balance\\balance.service.ts","statementMap":{"0":{"start":{"line":1,"column":0},"end":{"line":1,"column":44}},"1":{"start":{"line":2,"column":0},"end":{"line":2,"column":36}},"2":{"start":{"line":19,"column":7},"end":{"line":168,"column":null}},"3":{"start":{"line":20,"column":43},"end":{"line":20,"column":52}},"4":{"start":{"line":21,"column":51},"end":{"line":21,"column":60}},"5":{"start":{"line":22,"column":29},"end":{"line":22,"column":30}},"6":{"start":{"line":25,"column":4},"end":{"line":25,"column":22}},"7":{"start":{"line":29,"column":4},"end":{"line":32,"column":5}},"8":{"start":{"line":30,"column":6},"end":{"line":30,"column":30}},"9":{"start":{"line":31,"column":6},"end":{"line":31,"column":45}},"10":{"start":{"line":34,"column":16},"end":{"line":34,"column":58}},"11":{"start":{"line":35,"column":20},"end":{"line":35,"column":42}},"12":{"start":{"line":37,"column":4},"end":{"line":39,"column":5}},"13":{"start":{"line":38,"column":6},"end":{"line":38,"column":51}},"14":{"start":{"line":41,"column":4},"end":{"line":41,"column":19}},"15":{"start":{"line":45,"column":19},"end":{"line":45,"column":21}},"16":{"start":{"line":46,"column":4},"end":{"line":55,"column":5}},"17":{"start":{"line":47,"column":50},"end":{"line":47,"column":92}},"18":{"start":{"line":48,"column":6},"end":{"line":54,"column":9}},"19":{"start":{"line":56,"column":4},"end":{"line":56,"column":18}},"20":{"start":{"line":68,"column":4},"end":{"line":71,"column":5}},"21":{"start":{"line":69,"column":6},"end":{"line":69,"column":30}},"22":{"start":{"line":70,"column":6},"end":{"line":70,"column":45}},"23":{"start":{"line":73,"column":16},"end":{"line":73,"column":58}},"24":{"start":{"line":74,"column":20},"end":{"line":74,"column":42}},"25":{"start":{"line":76,"column":4},"end":{"line":78,"column":5}},"26":{"start":{"line":77,"column":6},"end":{"line":77,"column":51}},"27":{"start":{"line":81,"column":4},"end":{"line":85,"column":5}},"28":{"start":{"line":82,"column":6},"end":{"line":84,"column":7}},"29":{"start":{"line":83,"column":8},"end":{"line":83,"column":59}},"30":{"start":{"line":87,"column":26},"end":{"line":87,"column":62}},"31":{"start":{"line":88,"column":4},"end":{"line":94,"column":5}},"32":{"start":{"line":89,"column":6},"end":{"line":93,"column":8}},"33":{"start":{"line":97,"column":4},"end":{"line":97,"column":38}},"34":{"start":{"line":100,"column":26},"end":{"line":100,"column":34}},"35":{"start":{"line":101,"column":4},"end":{"line":108,"column":7}},"36":{"start":{"line":110,"column":4},"end":{"line":110,"column":48}},"37":{"start":{"line":114,"column":24},"end":{"line":114,"column":60}},"38":{"start":{"line":115,"column":4},"end":{"line":117,"column":5}},"39":{"start":{"line":116,"column":6},"end":{"line":116,"column":65}},"40":{"start":{"line":119,"column":16},"end":{"line":119,"column":94}},"41":{"start":{"line":120,"column":20},"end":{"line":120,"column":42}},"42":{"start":{"line":122,"column":4},"end":{"line":124,"column":5}},"43":{"start":{"line":123,"column":6},"end":{"line":123,"column":52}},"44":{"start":{"line":126,"column":4},"end":{"line":126,"column":44}},"45":{"start":{"line":131,"column":16},"end":{"line":131,"column":58}},"46":{"start":{"line":132,"column":20},"end":{"line":132,"column":42}},"47":{"start":{"line":134,"column":4},"end":{"line":136,"column":5}},"48":{"start":{"line":135,"column":6},"end":{"line":135,"column":37}},"49":{"start":{"line":140,"column":16},"end":{"line":140,"column":58}},"50":{"start":{"line":141,"column":20},"end":{"line":141,"column":42}},"51":{"start":{"line":143,"column":4},"end":{"line":146,"column":5}},"52":{"start":{"line":144,"column":6},"end":{"line":144,"column":39}},"53":{"start":{"line":145,"column":6},"end":{"line":145,"column":27}},"54":{"start":{"line":150,"column":4},"end":{"line":150,"column":34}},"55":{"start":{"line":154,"column":16},"end":{"line":154,"column":58}},"56":{"start":{"line":155,"column":4},"end":{"line":155,"column":52}},"57":{"start":{"line":159,"column":4},"end":{"line":159,"column":26}},"58":{"start":{"line":160,"column":4},"end":{"line":160,"column":30}},"59":{"start":{"line":161,"column":4},"end":{"line":161,"column":30}},"60":{"start":{"line":164,"column":4},"end":{"line":164,"column":73}},"61":{"start":{"line":165,"column":4},"end":{"line":165,"column":71}},"62":{"start":{"line":166,"column":4},"end":{"line":166,"column":73}},"63":{"start":{"line":19,"column":13},"end":{"line":19,"column":27}},"64":{"start":{"line":19,"column":13},"end":{"line":168,"column":null}}},"fnMap":{"0":{"name":"(anonymous_2)","decl":{"start":{"line":24,"column":2},"end":{"line":24,"column":null}},"loc":{"start":{"line":24,"column":2},"end":{"line":26,"column":3}}},"1":{"name":"(anonymous_3)","decl":{"start":{"line":28,"column":2},"end":{"line":28,"column":12}},"loc":{"start":{"line":28,"column":70},"end":{"line":42,"column":3}}},"2":{"name":"(anonymous_4)","decl":{"start":{"line":44,"column":2},"end":{"line":44,"column":16}},"loc":{"start":{"line":44,"column":16},"end":{"line":57,"column":3}}},"3":{"name":"(anonymous_5)","decl":{"start":{"line":59,"column":2},"end":{"line":59,"column":13}},"loc":{"start":{"line":66,"column":26},"end":{"line":111,"column":3}}},"4":{"name":"(anonymous_6)","decl":{"start":{"line":113,"column":2},"end":{"line":113,"column":16}},"loc":{"start":{"line":113,"column":38},"end":{"line":127,"column":3}}},"5":{"name":"(anonymous_7)","decl":{"start":{"line":130,"column":2},"end":{"line":130,"column":14}},"loc":{"start":{"line":130,"column":91},"end":{"line":137,"column":3}}},"6":{"name":"(anonymous_8)","decl":{"start":{"line":139,"column":2},"end":{"line":139,"column":11}},"loc":{"start":{"line":139,"column":91},"end":{"line":147,"column":3}}},"7":{"name":"(anonymous_9)","decl":{"start":{"line":149,"column":2},"end":{"line":149,"column":21}},"loc":{"start":{"line":149,"column":35},"end":{"line":151,"column":3}}},"8":{"name":"(anonymous_10)","decl":{"start":{"line":153,"column":2},"end":{"line":153,"column":12}},"loc":{"start":{"line":153,"column":107},"end":{"line":156,"column":3}}},"9":{"name":"(anonymous_11)","decl":{"start":{"line":158,"column":2},"end":{"line":158,"column":12}},"loc":{"start":{"line":158,"column":12},"end":{"line":167,"column":3}}}},"branchMap":{"0":{"loc":{"start":{"line":29,"column":4},"end":{"line":32,"column":5}},"type":"if","locations":[{"start":{"line":29,"column":4},"end":{"line":32,"column":5}}]},"1":{"loc":{"start":{"line":37,"column":4},"end":{"line":39,"column":5}},"type":"if","locations":[{"start":{"line":37,"column":4},"end":{"line":39,"column":5}}]},"2":{"loc":{"start":{"line":68,"column":4},"end":{"line":71,"column":5}},"type":"if","locations":[{"start":{"line":68,"column":4},"end":{"line":71,"column":5}}]},"3":{"loc":{"start":{"line":76,"column":4},"end":{"line":78,"column":5}},"type":"if","locations":[{"start":{"line":76,"column":4},"end":{"line":78,"column":5}}]},"4":{"loc":{"start":{"line":82,"column":6},"end":{"line":84,"column":7}},"type":"if","locations":[{"start":{"line":82,"column":6},"end":{"line":84,"column":7}}]},"5":{"loc":{"start":{"line":88,"column":4},"end":{"line":94,"column":5}},"type":"if","locations":[{"start":{"line":88,"column":4},"end":{"line":94,"column":5}}]},"6":{"loc":{"start":{"line":115,"column":4},"end":{"line":117,"column":5}},"type":"if","locations":[{"start":{"line":115,"column":4},"end":{"line":117,"column":5}}]},"7":{"loc":{"start":{"line":122,"column":4},"end":{"line":124,"column":5}},"type":"if","locations":[{"start":{"line":122,"column":4},"end":{"line":124,"column":5}}]},"8":{"loc":{"start":{"line":134,"column":4},"end":{"line":136,"column":5}},"type":"if","locations":[{"start":{"line":134,"column":4},"end":{"line":136,"column":5}}]},"9":{"loc":{"start":{"line":143,"column":4},"end":{"line":146,"column":5}},"type":"if","locations":[{"start":{"line":143,"column":4},"end":{"line":146,"column":5}}]}},"s":{"0":0,"1":0,"2":0,"3":0,"4":0,"5":0,"6":0,"7":0,"8":0,"9":0,"10":0,"11":0,"12":0,"13":0,"14":0,"15":0,"16":0,"17":0,"18":0,"19":0,"20":0,"21":0,"22":0,"23":0,"24":0,"25":0,"26":0,"27":0,"28":0,"29":0,"30":0,"31":0,"32":0,"33":0,"34":0,"35":0,"36":0,"37":0,"38":0,"39":0,"40":0,"41":0,"42":0,"43":0,"44":0,"45":0,"46":0,"47":0,"48":0,"49":0,"50":0,"51":0,"52":0,"53":0,"54":0,"55":0,"56":0,"57":0,"58":0,"59":0,"60":0,"61":0,"62":0,"63":0,"64":0},"f":{"0":0,"1":0,"2":0,"3":0,"4":0,"5":0,"6":0,"7":0,"8":0,"9":0},"b":{"0":[0],"1":[0],"2":[0],"3":[0],"4":[0],"5":[0],"6":[0],"7":[0],"8":[0],"9":[0]}}
,"E:\\Assessment Project\\readyon-timeoff\\apps\\hcm-mock-server\\src\\simulate\\simulate.controller.ts": {"path":"E:\\Assessment Project\\readyon-timeoff\\apps\\hcm-mock-server\\src\\simulate\\simulate.controller.ts","statementMap":{"0":{"start":{"line":1,"column":0},"end":{"line":1,"column":56}},"1":{"start":{"line":2,"column":0},"end":{"line":2,"column":60}},"2":{"start":{"line":5,"column":7},"end":{"line":83,"column":null}},"3":{"start":{"line":6,"column":31},"end":{"line":6,"column":47}},"4":{"start":{"line":18,"column":4},"end":{"line":23,"column":6}},"5":{"start":{"line":24,"column":4},"end":{"line":24,"column":29}},"6":{"start":{"line":37,"column":4},"end":{"line":42,"column":6}},"7":{"start":{"line":43,"column":4},"end":{"line":43,"column":29}},"8":{"start":{"line":53,"column":4},"end":{"line":53,"column":70}},"9":{"start":{"line":54,"column":4},"end":{"line":54,"column":29}},"10":{"start":{"line":68,"column":4},"end":{"line":74,"column":6}},"11":{"start":{"line":75,"column":4},"end":{"line":75,"column":29}},"12":{"start":{"line":80,"column":4},"end":{"line":80,"column":37}},"13":{"start":{"line":81,"column":4},"end":{"line":81,"column":29}},"14":{"start":{"line":5,"column":13},"end":{"line":5,"column":31}},"15":{"start":{"line":9,"column":2},"end":{"line":25,"column":null}},"16":{"start":{"line":28,"column":2},"end":{"line":44,"column":null}},"17":{"start":{"line":47,"column":2},"end":{"line":55,"column":null}},"18":{"start":{"line":58,"column":2},"end":{"line":76,"column":null}},"19":{"start":{"line":79,"column":2},"end":{"line":82,"column":null}},"20":{"start":{"line":5,"column":13},"end":{"line":83,"column":null}}},"fnMap":{"0":{"name":"(anonymous_4)","decl":{"start":{"line":6,"column":2},"end":{"line":6,"column":31}},"loc":{"start":{"line":6,"column":61},"end":{"line":6,"column":65}}},"1":{"name":"(anonymous_5)","decl":{"start":{"line":9,"column":2},"end":{"line":9,"column":21}},"loc":{"start":{"line":16,"column":5},"end":{"line":25,"column":3}}},"2":{"name":"(anonymous_6)","decl":{"start":{"line":28,"column":2},"end":{"line":28,"column":11}},"loc":{"start":{"line":35,"column":5},"end":{"line":44,"column":3}}},"3":{"name":"(anonymous_7)","decl":{"start":{"line":47,"column":2},"end":{"line":47,"column":15}},"loc":{"start":{"line":51,"column":5},"end":{"line":55,"column":3}}},"4":{"name":"(anonymous_8)","decl":{"start":{"line":58,"column":2},"end":{"line":58,"column":12}},"loc":{"start":{"line":66,"column":5},"end":{"line":76,"column":3}}},"5":{"name":"(anonymous_9)","decl":{"start":{"line":79,"column":2},"end":{"line":79,"column":12}},"loc":{"start":{"line":79,"column":12},"end":{"line":82,"column":3}}}},"branchMap":{},"s":{"0":0,"1":0,"2":0,"3":0,"4":0,"5":0,"6":0,"7":0,"8":0,"9":0,"10":0,"11":0,"12":0,"13":0,"14":0,"15":0,"16":0,"17":0,"18":0,"19":0,"20":0},"f":{"0":0,"1":0,"2":0,"3":0,"4":0,"5":0},"b":{}}
,"E:\\Assessment Project\\readyon-timeoff\\apps\\timeoff-service\\src\\app.module.ts": {"path":"E:\\Assessment Project\\readyon-timeoff\\apps\\timeoff-service\\src\\app.module.ts","statementMap":{"0":{"start":{"line":1,"column":0},"end":{"line":1,"column":40}},"1":{"start":{"line":2,"column":0},"end":{"line":2,"column":46}},"2":{"start":{"line":3,"column":0},"end":{"line":3,"column":50}},"3":{"start":{"line":4,"column":0},"end":{"line":4,"column":48}},"4":{"start":{"line":5,"column":0},"end":{"line":5,"column":22}},"5":{"start":{"line":6,"column":0},"end":{"line":6,"column":37}},"6":{"start":{"line":7,"column":0},"end":{"line":7,"column":51}},"7":{"start":{"line":8,"column":0},"end":{"line":8,"column":57}},"8":{"start":{"line":9,"column":0},"end":{"line":9,"column":60}},"9":{"start":{"line":10,"column":0},"end":{"line":10,"column":48}},"10":{"start":{"line":11,"column":0},"end":{"line":11,"column":54}},"11":{"start":{"line":12,"column":0},"end":{"line":12,"column":45}},"12":{"start":{"line":56,"column":7},"end":{"line":56,"column":null}},"13":{"start":{"line":56,"column":13},"end":{"line":56,"column":22}},"14":{"start":{"line":56,"column":13},"end":{"line":56,"column":null}},"15":{"start":{"line":37,"column":25},"end":{"line":42,"column":8}}},"fnMap":{"0":{"name":"(anonymous_2)","decl":{"start":{"line":37,"column":18},"end":{"line":37,"column":21}},"loc":{"start":{"line":37,"column":25},"end":{"line":42,"column":8}}}},"branchMap":{"0":{"loc":{"start":{"line":16,"column":8},"end":{"line":34,"column":10}},"type":"cond-expr","locations":[{"start":{"line":17,"column":8},"end":{"line":17,"column":10}},{"start":{"line":18,"column":8},"end":{"line":34,"column":10}}]},"1":{"loc":{"start":{"line":39,"column":18},"end":{"line":39,"column":67}},"type":"binary-expr","locations":[{"start":{"line":39,"column":18},"end":{"line":39,"column":40}},{"start":{"line":39,"column":44},"end":{"line":39,"column":67}}]}},"s":{"0":2,"1":2,"2":2,"3":2,"4":2,"5":2,"6":2,"7":2,"8":2,"9":2,"10":2,"11":2,"12":2,"13":2,"14":2,"15":2},"f":{"0":2},"b":{"0":[2,0],"1":[2,2]}}
,"E:\\Assessment Project\\readyon-timeoff\\apps\\timeoff-service\\src\\audit\\audit.module.ts": {"path":"E:\\Assessment Project\\readyon-timeoff\\apps\\timeoff-service\\src\\audit\\audit.module.ts","statementMap":{"0":{"start":{"line":1,"column":0},"end":{"line":1,"column":40}},"1":{"start":{"line":2,"column":0},"end":{"line":2,"column":48}},"2":{"start":{"line":3,"column":0},"end":{"line":3,"column":61}},"3":{"start":{"line":4,"column":0},"end":{"line":4,"column":47}},"4":{"start":{"line":11,"column":7},"end":{"line":11,"column":null}},"5":{"start":{"line":11,"column":13},"end":{"line":11,"column":24}},"6":{"start":{"line":11,"column":13},"end":{"line":11,"column":null}}},"fnMap":{},"branchMap":{},"s":{"0":2,"1":2,"2":2,"3":2,"4":2,"5":2,"6":2},"f":{},"b":{}}
,"E:\\Assessment Project\\readyon-timeoff\\apps\\timeoff-service\\src\\audit\\audit.service.ts": {"path":"E:\\Assessment Project\\readyon-timeoff\\apps\\timeoff-service\\src\\audit\\audit.service.ts","statementMap":{"0":{"start":{"line":1,"column":0},"end":{"line":1,"column":44}},"1":{"start":{"line":2,"column":0},"end":{"line":2,"column":51}},"2":{"start":{"line":3,"column":0},"end":{"line":3,"column":37}},"3":{"start":{"line":4,"column":0},"end":{"line":4,"column":61}},"4":{"start":{"line":16,"column":7},"end":{"line":41,"column":null}},"5":{"start":{"line":19,"column":21},"end":{"line":19,"column":38}},"6":{"start":{"line":23,"column":21},"end":{"line":30,"column":6}},"7":{"start":{"line":32,"column":4},"end":{"line":32,"column":47}},"8":{"start":{"line":36,"column":4},"end":{"line":39,"column":7}},"9":{"start":{"line":16,"column":13},"end":{"line":16,"column":25}},"10":{"start":{"line":16,"column":13},"end":{"line":41,"column":null}}},"fnMap":{"0":{"name":"(anonymous_4)","decl":{"start":{"line":17,"column":2},"end":{"line":17,"column":null}},"loc":{"start":{"line":19,"column":64},"end":{"line":20,"column":6}}},"1":{"name":"(anonymous_5)","decl":{"start":{"line":22,"column":2},"end":{"line":22,"column":7}},"loc":{"start":{"line":22,"column":32},"end":{"line":33,"column":3}}},"2":{"name":"(anonymous_6)","decl":{"start":{"line":35,"column":2},"end":{"line":35,"column":7}},"loc":{"start":{"line":35,"column":62},"end":{"line":40,"column":3}}}},"branchMap":{"0":{"loc":{"start":{"line":27,"column":15},"end":{"line":27,"column":36}},"type":"binary-expr","locations":[{"start":{"line":27,"column":15},"end":{"line":27,"column":28}},{"start":{"line":27,"column":32},"end":{"line":27,"column":36}}]},"1":{"loc":{"start":{"line":28,"column":19},"end":{"line":28,"column":44}},"type":"binary-expr","locations":[{"start":{"line":28,"column":19},"end":{"line":28,"column":36}},{"start":{"line":28,"column":40},"end":{"line":28,"column":44}}]},"2":{"loc":{"start":{"line":29,"column":18},"end":{"line":29,"column":42}},"type":"binary-expr","locations":[{"start":{"line":29,"column":18},"end":{"line":29,"column":34}},{"start":{"line":29,"column":38},"end":{"line":29,"column":42}}]}},"s":{"0":4,"1":4,"2":4,"3":4,"4":4,"5":6,"6":9,"7":9,"8":1,"9":4,"10":4},"f":{"0":6,"1":9,"2":1},"b":{"0":[9,0],"1":[9,5],"2":[9,0]}}
,"E:\\Assessment Project\\readyon-timeoff\\apps\\timeoff-service\\src\\audit\\entities\\audit-log.entity.ts": {"path":"E:\\Assessment Project\\readyon-timeoff\\apps\\timeoff-service\\src\\audit\\entities\\audit-log.entity.ts","statementMap":{"0":{"start":{"line":1,"column":0},"end":{"line":1,"column":83}},"1":{"start":{"line":4,"column":7},"end":{"line":28,"column":null}},"2":{"start":{"line":4,"column":13},"end":{"line":4,"column":27}},"3":{"start":{"line":6,"column":2},"end":{"line":6,"column":null}},"4":{"start":{"line":9,"column":2},"end":{"line":9,"column":null}},"5":{"start":{"line":12,"column":2},"end":{"line":12,"column":null}},"6":{"start":{"line":15,"column":2},"end":{"line":15,"column":null}},"7":{"start":{"line":18,"column":2},"end":{"line":18,"column":null}},"8":{"start":{"line":21,"column":2},"end":{"line":21,"column":null}},"9":{"start":{"line":24,"column":2},"end":{"line":24,"column":null}},"10":{"start":{"line":27,"column":2},"end":{"line":27,"column":null}},"11":{"start":{"line":4,"column":13},"end":{"line":28,"column":null}}},"fnMap":{},"branchMap":{},"s":{"0":4,"1":4,"2":4,"3":4,"4":4,"5":4,"6":4,"7":4,"8":4,"9":4,"10":4,"11":4},"f":{},"b":{}}
,"E:\\Assessment Project\\readyon-timeoff\\apps\\timeoff-service\\src\\balance\\balance.controller.ts": {"path":"E:\\Assessment Project\\readyon-timeoff\\apps\\timeoff-service\\src\\balance\\balance.controller.ts","statementMap":{"0":{"start":{"line":1,"column":0},"end":{"line":1,"column":56}},"1":{"start":{"line":2,"column":0},"end":{"line":2,"column":51}},"2":{"start":{"line":6,"column":7},"end":{"line":51,"column":null}},"3":{"start":{"line":7,"column":31},"end":{"line":7,"column":47}},"4":{"start":{"line":11,"column":21},"end":{"line":11,"column":81}},"5":{"start":{"line":13,"column":4},"end":{"line":25,"column":8}},"6":{"start":{"line":13,"column":38},"end":{"line":25,"column":6}},"7":{"start":{"line":33,"column":21},"end":{"line":33,"column":81}},"8":{"start":{"line":35,"column":25},"end":{"line":35,"column":72}},"9":{"start":{"line":37,"column":4},"end":{"line":49,"column":8}},"10":{"start":{"line":37,"column":42},"end":{"line":49,"column":6}},"11":{"start":{"line":6,"column":13},"end":{"line":6,"column":30}},"12":{"start":{"line":10,"column":8},"end":{"line":26,"column":null}},"13":{"start":{"line":29,"column":8},"end":{"line":50,"column":null}},"14":{"start":{"line":6,"column":13},"end":{"line":51,"column":null}}},"fnMap":{"0":{"name":"(anonymous_4)","decl":{"start":{"line":7,"column":2},"end":{"line":7,"column":31}},"loc":{"start":{"line":7,"column":61},"end":{"line":7,"column":65}}},"1":{"name":"(anonymous_5)","decl":{"start":{"line":10,"column":2},"end":{"line":10,"column":7}},"loc":{"start":{"line":10,"column":59},"end":{"line":26,"column":3}}},"2":{"name":"(anonymous_6)","decl":{"start":{"line":13,"column":24},"end":{"line":13,"column":25}},"loc":{"start":{"line":13,"column":38},"end":{"line":25,"column":6}}},"3":{"name":"(anonymous_7)","decl":{"start":{"line":29,"column":2},"end":{"line":29,"column":7}},"loc":{"start":{"line":31,"column":43},"end":{"line":50,"column":3}}},"4":{"name":"(anonymous_8)","decl":{"start":{"line":37,"column":28},"end":{"line":37,"column":29}},"loc":{"start":{"line":37,"column":42},"end":{"line":49,"column":6}}}},"branchMap":{"0":{"loc":{"start":{"line":35,"column":25},"end":{"line":35,"column":72}},"type":"cond-expr","locations":[{"start":{"line":35,"column":51},"end":{"line":35,"column":59}},{"start":{"line":35,"column":62},"end":{"line":35,"column":72}}]}},"s":{"0":2,"1":2,"2":2,"3":2,"4":0,"5":0,"6":0,"7":3,"8":3,"9":3,"10":3,"11":2,"12":2,"13":2,"14":2},"f":{"0":2,"1":0,"2":0,"3":3,"4":3},"b":{"0":[3,0]}}
,"E:\\Assessment Project\\readyon-timeoff\\apps\\timeoff-service\\src\\balance\\balance.module.ts": {"path":"E:\\Assessment Project\\readyon-timeoff\\apps\\timeoff-service\\src\\balance\\balance.module.ts","statementMap":{"0":{"start":{"line":1,"column":0},"end":{"line":1,"column":40}},"1":{"start":{"line":2,"column":0},"end":{"line":2,"column":48}},"2":{"start":{"line":3,"column":0},"end":{"line":3,"column":69}},"3":{"start":{"line":4,"column":0},"end":{"line":4,"column":51}},"4":{"start":{"line":5,"column":0},"end":{"line":5,"column":57}},"5":{"start":{"line":13,"column":7},"end":{"line":13,"column":null}},"6":{"start":{"line":13,"column":13},"end":{"line":13,"column":26}},"7":{"start":{"line":13,"column":13},"end":{"line":13,"column":null}}},"fnMap":{},"branchMap":{},"s":{"0":2,"1":2,"2":2,"3":2,"4":2,"5":2,"6":2,"7":2},"f":{},"b":{}}
,"E:\\Assessment Project\\readyon-timeoff\\apps\\timeoff-service\\src\\balance\\balance.service.ts": {"path":"E:\\Assessment Project\\readyon-timeoff\\apps\\timeoff-service\\src\\balance\\balance.service.ts","statementMap":{"0":{"start":{"line":1,"column":0},"end":{"line":1,"column":44}},"1":{"start":{"line":2,"column":0},"end":{"line":2,"column":51}},"2":{"start":{"line":3,"column":0},"end":{"line":3,"column":49}},"3":{"start":{"line":4,"column":0},"end":{"line":4,"column":119}},"4":{"start":{"line":5,"column":0},"end":{"line":5,"column":69}},"5":{"start":{"line":14,"column":7},"end":{"line":250,"column":null}},"6":{"start":{"line":19,"column":21},"end":{"line":19,"column":40}},"7":{"start":{"line":20,"column":21},"end":{"line":20,"column":33}},"8":{"start":{"line":22,"column":4},"end":{"line":22,"column":75}},"9":{"start":{"line":26,"column":4},"end":{"line":28,"column":7}},"10":{"start":{"line":36,"column":4},"end":{"line":48,"column":5}},"11":{"start":{"line":37,"column":22},"end":{"line":39,"column":8}},"12":{"start":{"line":41,"column":6},"end":{"line":45,"column":7}},"13":{"start":{"line":42,"column":8},"end":{"line":44,"column":10}},"14":{"start":{"line":47,"column":6},"end":{"line":47,"column":21}},"15":{"start":{"line":50,"column":21},"end":{"line":52,"column":6}},"16":{"start":{"line":54,"column":4},"end":{"line":58,"column":5}},"17":{"start":{"line":55,"column":6},"end":{"line":57,"column":8}},"18":{"start":{"line":60,"column":4},"end":{"line":60,"column":20}},"19":{"start":{"line":70,"column":34},"end":{"line":70,"column":38}},"20":{"start":{"line":72,"column":4},"end":{"line":125,"column":5}},"21":{"start":{"line":72,"column":23},"end":{"line":72,"column":24}},"22":{"start":{"line":73,"column":6},"end":{"line":124,"column":7}},"23":{"start":{"line":74,"column":24},"end":{"line":76,"column":10}},"24":{"start":{"line":78,"column":8},"end":{"line":82,"column":9}},"25":{"start":{"line":79,"column":10},"end":{"line":81,"column":12}},"26":{"start":{"line":84,"column":30},"end":{"line":84,"column":88}},"27":{"start":{"line":85,"column":8},"end":{"line":89,"column":9}},"28":{"start":{"line":86,"column":10},"end":{"line":88,"column":12}},"29":{"start":{"line":91,"column":28},"end":{"line":91,"column":54}},"30":{"start":{"line":92,"column":19},"end":{"line":99,"column":48}},"31":{"start":{"line":101,"column":8},"end":{"line":105,"column":9}},"32":{"start":{"line":102,"column":10},"end":{"line":102,"column":41}},"33":{"start":{"line":104,"column":10},"end":{"line":104,"column":74}},"34":{"start":{"line":107,"column":23},"end":{"line":107,"column":41}},"35":{"start":{"line":109,"column":8},"end":{"line":113,"column":9}},"36":{"start":{"line":110,"column":10},"end":{"line":112,"column":12}},"37":{"start":{"line":115,"column":8},"end":{"line":115,"column":83}},"38":{"start":{"line":117,"column":8},"end":{"line":121,"column":9}},"39":{"start":{"line":118,"column":10},"end":{"line":118,"column":28}},"40":{"start":{"line":120,"column":10},"end":{"line":120,"column":19}},"41":{"start":{"line":123,"column":8},"end":{"line":123,"column":20}},"42":{"start":{"line":127,"column":4},"end":{"line":129,"column":6}},"43":{"start":{"line":138,"column":4},"end":{"line":154,"column":7}},"44":{"start":{"line":139,"column":22},"end":{"line":141,"column":8}},"45":{"start":{"line":143,"column":6},"end":{"line":147,"column":7}},"46":{"start":{"line":144,"column":8},"end":{"line":146,"column":10}},"47":{"start":{"line":149,"column":6},"end":{"line":149,"column":31}},"48":{"start":{"line":150,"column":6},"end":{"line":150,"column":68}},"49":{"start":{"line":151,"column":6},"end":{"line":151,"column":40}},"50":{"start":{"line":153,"column":6},"end":{"line":153,"column":35}},"51":{"start":{"line":163,"column":4},"end":{"line":177,"column":7}},"52":{"start":{"line":164,"column":22},"end":{"line":166,"column":8}},"53":{"start":{"line":168,"column":6},"end":{"line":172,"column":7}},"54":{"start":{"line":169,"column":8},"end":{"line":171,"column":10}},"55":{"start":{"line":174,"column":6},"end":{"line":174,"column":62}},"56":{"start":{"line":175,"column":6},"end":{"line":175,"column":40}},"57":{"start":{"line":176,"column":6},"end":{"line":176,"column":35}},"58":{"start":{"line":186,"column":4},"end":{"line":199,"column":7}},"59":{"start":{"line":187,"column":22},"end":{"line":189,"column":8}},"60":{"start":{"line":191,"column":6},"end":{"line":195,"column":7}},"61":{"start":{"line":192,"column":8},"end":{"line":194,"column":10}},"62":{"start":{"line":197,"column":6},"end":{"line":197,"column":68}},"63":{"start":{"line":198,"column":6},"end":{"line":198,"column":35}},"64":{"start":{"line":203,"column":4},"end":{"line":248,"column":7}},"65":{"start":{"line":204,"column":23},"end":{"line":210,"column":8}},"66":{"start":{"line":212,"column":6},"end":{"line":226,"column":7}},"67":{"start":{"line":214,"column":27},"end":{"line":222,"column":10}},"68":{"start":{"line":224,"column":22},"end":{"line":224,"column":52}},"69":{"start":{"line":225,"column":8},"end":{"line":225,"column":49}},"70":{"start":{"line":230,"column":8},"end":{"line":231,"column":49}},"71":{"start":{"line":233,"column":6},"end":{"line":242,"column":7}},"72":{"start":{"line":234,"column":24},"end":{"line":239,"column":10}},"73":{"start":{"line":241,"column":8},"end":{"line":241,"column":51}},"74":{"start":{"line":245,"column":6},"end":{"line":245,"column":41}},"75":{"start":{"line":246,"column":22},"end":{"line":246,"column":50}},"76":{"start":{"line":247,"column":6},"end":{"line":247,"column":50}},"77":{"start":{"line":14,"column":13},"end":{"line":14,"column":27}},"78":{"start":{"line":14,"column":13},"end":{"line":250,"column":null}}},"fnMap":{"0":{"name":"(anonymous_4)","decl":{"start":{"line":17,"column":2},"end":{"line":17,"column":null}},"loc":{"start":{"line":20,"column":43},"end":{"line":23,"column":3}}},"1":{"name":"(anonymous_5)","decl":{"start":{"line":25,"column":2},"end":{"line":25,"column":7}},"loc":{"start":{"line":25,"column":49},"end":{"line":29,"column":3}}},"2":{"name":"(anonymous_6)","decl":{"start":{"line":31,"column":2},"end":{"line":31,"column":7}},"loc":{"start":{"line":34,"column":22},"end":{"line":61,"column":3}}},"3":{"name":"(anonymous_7)","decl":{"start":{"line":63,"column":2},"end":{"line":63,"column":7}},"loc":{"start":{"line":68,"column":21},"end":{"line":130,"column":3}}},"4":{"name":"(anonymous_8)","decl":{"start":{"line":132,"column":2},"end":{"line":132,"column":7}},"loc":{"start":{"line":136,"column":16},"end":{"line":155,"column":3}}},"5":{"name":"(anonymous_9)","decl":{"start":{"line":138,"column":39},"end":{"line":138,"column":44}},"loc":{"start":{"line":138,"column":57},"end":{"line":154,"column":5}}},"6":{"name":"(anonymous_10)","decl":{"start":{"line":157,"column":2},"end":{"line":157,"column":7}},"loc":{"start":{"line":161,"column":16},"end":{"line":178,"column":3}}},"7":{"name":"(anonymous_11)","decl":{"start":{"line":163,"column":39},"end":{"line":163,"column":44}},"loc":{"start":{"line":163,"column":57},"end":{"line":177,"column":5}}},"8":{"name":"(anonymous_12)","decl":{"start":{"line":180,"column":2},"end":{"line":180,"column":7}},"loc":{"start":{"line":184,"column":16},"end":{"line":200,"column":3}}},"9":{"name":"(anonymous_13)","decl":{"start":{"line":186,"column":39},"end":{"line":186,"column":44}},"loc":{"start":{"line":186,"column":57},"end":{"line":199,"column":5}}},"10":{"name":"(anonymous_14)","decl":{"start":{"line":202,"column":2},"end":{"line":202,"column":7}},"loc":{"start":{"line":202,"column":47},"end":{"line":249,"column":3}}},"11":{"name":"(anonymous_15)","decl":{"start":{"line":203,"column":39},"end":{"line":203,"column":44}},"loc":{"start":{"line":203,"column":57},"end":{"line":248,"column":5}}}},"branchMap":{"0":{"loc":{"start":{"line":22,"column":29},"end":{"line":22,"column":73}},"type":"binary-expr","locations":[{"start":{"line":22,"column":29},"end":{"line":22,"column":67}},{"start":{"line":22,"column":71},"end":{"line":22,"column":73}}]},"1":{"loc":{"start":{"line":36,"column":4},"end":{"line":48,"column":5}},"type":"if","locations":[{"start":{"line":36,"column":4},"end":{"line":48,"column":5}}]},"2":{"loc":{"start":{"line":41,"column":6},"end":{"line":45,"column":7}},"type":"if","locations":[{"start":{"line":41,"column":6},"end":{"line":45,"column":7}}]},"3":{"loc":{"start":{"line":54,"column":4},"end":{"line":58,"column":5}},"type":"if","locations":[{"start":{"line":54,"column":4},"end":{"line":58,"column":5}}]},"4":{"loc":{"start":{"line":78,"column":8},"end":{"line":82,"column":9}},"type":"if","locations":[{"start":{"line":78,"column":8},"end":{"line":82,"column":9}}]},"5":{"loc":{"start":{"line":85,"column":8},"end":{"line":89,"column":9}},"type":"if","locations":[{"start":{"line":85,"column":8},"end":{"line":89,"column":9}}]},"6":{"loc":{"start":{"line":91,"column":29},"end":{"line":91,"column":49}},"type":"binary-expr","locations":[{"start":{"line":91,"column":29},"end":{"line":91,"column":44}},{"start":{"line":91,"column":48},"end":{"line":91,"column":49}}]},"7":{"loc":{"start":{"line":101,"column":8},"end":{"line":105,"column":9}},"type":"if","locations":[{"start":{"line":101,"column":8},"end":{"line":105,"column":9}},{"start":{"line":103,"column":15},"end":{"line":105,"column":9}}]},"8":{"loc":{"start":{"line":109,"column":8},"end":{"line":113,"column":9}},"type":"if","locations":[{"start":{"line":109,"column":8},"end":{"line":113,"column":9}}]},"9":{"loc":{"start":{"line":117,"column":8},"end":{"line":121,"column":9}},"type":"if","locations":[{"start":{"line":117,"column":8},"end":{"line":121,"column":9}}]},"10":{"loc":{"start":{"line":117,"column":12},"end":{"line":117,"column":81}},"type":"binary-expr","locations":[{"start":{"line":117,"column":12},"end":{"line":117,"column":52}},{"start":{"line":117,"column":56},"end":{"line":117,"column":81}}]},"11":{"loc":{"start":{"line":127,"column":10},"end":{"line":128,"column":null}},"type":"binary-expr","locations":[{"start":{"line":127,"column":10},"end":{"line":127,"column":19}},{"start":{"line":127,"column":23},"end":{"line":128,"column":null}}]},"12":{"loc":{"start":{"line":143,"column":6},"end":{"line":147,"column":7}},"type":"if","locations":[{"start":{"line":143,"column":6},"end":{"line":147,"column":7}}]},"13":{"loc":{"start":{"line":168,"column":6},"end":{"line":172,"column":7}},"type":"if","locations":[{"start":{"line":168,"column":6},"end":{"line":172,"column":7}}]},"14":{"loc":{"start":{"line":191,"column":6},"end":{"line":195,"column":7}},"type":"if","locations":[{"start":{"line":191,"column":6},"end":{"line":195,"column":7}}]},"15":{"loc":{"start":{"line":212,"column":6},"end":{"line":226,"column":7}},"type":"if","locations":[{"start":{"line":212,"column":6},"end":{"line":226,"column":7}}]},"16":{"loc":{"start":{"line":230,"column":8},"end":{"line":231,"column":49}},"type":"binary-expr","locations":[{"start":{"line":230,"column":8},"end":{"line":230,"column":51}},{"start":{"line":231,"column":8},"end":{"line":231,"column":49}}]},"17":{"loc":{"start":{"line":233,"column":6},"end":{"line":242,"column":7}},"type":"if","locations":[{"start":{"line":233,"column":6},"end":{"line":242,"column":7}}]}},"s":{"0":10,"1":10,"2":10,"3":10,"4":10,"5":10,"6":31,"7":31,"8":31,"9":1,"10":13,"11":9,"12":9,"13":1,"14":8,"15":4,"16":4,"17":0,"18":4,"19":17,"20":17,"21":17,"22":38,"23":38,"24":38,"25":1,"26":37,"27":37,"28":1,"29":36,"30":36,"31":36,"32":0,"33":36,"34":36,"35":36,"36":22,"37":14,"38":24,"39":21,"40":21,"41":3,"42":0,"43":5,"44":5,"45":5,"46":1,"47":4,"48":4,"49":4,"50":4,"51":1,"52":1,"53":1,"54":0,"55":1,"56":1,"57":1,"58":3,"59":3,"60":3,"61":0,"62":3,"63":3,"64":9,"65":9,"66":9,"67":2,"68":2,"69":2,"70":7,"71":7,"72":3,"73":3,"74":4,"75":4,"76":4,"77":10,"78":10},"f":{"0":31,"1":1,"2":13,"3":17,"4":5,"5":5,"6":1,"7":1,"8":3,"9":3,"10":9,"11":9},"b":{"0":[31,31],"1":[9],"2":[1],"3":[0],"4":[1],"5":[1],"6":[36,0],"7":[0,36],"8":[22],"9":[21],"10":[24,22],"11":[0,0],"12":[1],"13":[0],"14":[0],"15":[2],"16":[7,4],"17":[3]}}
,"E:\\Assessment Project\\readyon-timeoff\\apps\\timeoff-service\\src\\balance\\entities\\leave-balance.entity.ts": {"path":"E:\\Assessment Project\\readyon-timeoff\\apps\\timeoff-service\\src\\balance\\entities\\leave-balance.entity.ts","statementMap":{"0":{"start":{"line":1,"column":0},"end":{"line":1,"column":123}},"1":{"start":{"line":5,"column":7},"end":{"line":42,"column":null}},"2":{"start":{"line":40,"column":4},"end":{"line":40,"column":61}},"3":{"start":{"line":5,"column":13},"end":{"line":5,"column":31}},"4":{"start":{"line":7,"column":2},"end":{"line":7,"column":null}},"5":{"start":{"line":10,"column":2},"end":{"line":10,"column":null}},"6":{"start":{"line":13,"column":2},"end":{"line":13,"column":null}},"7":{"start":{"line":16,"column":2},"end":{"line":16,"column":null}},"8":{"start":{"line":19,"column":2},"end":{"line":19,"column":null}},"9":{"start":{"line":22,"column":2},"end":{"line":22,"column":null}},"10":{"start":{"line":25,"column":2},"end":{"line":25,"column":null}},"11":{"start":{"line":28,"column":2},"end":{"line":28,"column":null}},"12":{"start":{"line":31,"column":2},"end":{"line":31,"column":null}},"13":{"start":{"line":34,"column":2},"end":{"line":34,"column":null}},"14":{"start":{"line":37,"column":2},"end":{"line":37,"column":null}},"15":{"start":{"line":5,"column":13},"end":{"line":42,"column":null}}},"fnMap":{"0":{"name":"(anonymous_2)","decl":{"start":{"line":39,"column":2},"end":{"line":39,"column":6}},"loc":{"start":{"line":39,"column":19},"end":{"line":41,"column":3}}}},"branchMap":{},"s":{"0":10,"1":10,"2":9,"3":10,"4":10,"5":10,"6":10,"7":10,"8":10,"9":10,"10":10,"11":10,"12":10,"13":10,"14":10,"15":10},"f":{"0":9},"b":{}}
,"E:\\Assessment Project\\readyon-timeoff\\apps\\timeoff-service\\src\\hcm\\hcm-mock.adapter.ts": {"path":"E:\\Assessment Project\\readyon-timeoff\\apps\\timeoff-service\\src\\hcm\\hcm-mock.adapter.ts","statementMap":{"0":{"start":{"line":1,"column":0},"end":{"line":1,"column":44}},"1":{"start":{"line":2,"column":0},"end":{"line":2,"column":67}},"2":{"start":{"line":16,"column":7},"end":{"line":147,"column":null}},"3":{"start":{"line":17,"column":47},"end":{"line":17,"column":56}},"4":{"start":{"line":18,"column":55},"end":{"line":18,"column":64}},"5":{"start":{"line":19,"column":31},"end":{"line":19,"column":32}},"6":{"start":{"line":22,"column":4},"end":{"line":22,"column":22}},"7":{"start":{"line":30,"column":16},"end":{"line":30,"column":58}},"8":{"start":{"line":31,"column":20},"end":{"line":31,"column":42}},"9":{"start":{"line":33,"column":4},"end":{"line":35,"column":5}},"10":{"start":{"line":34,"column":6},"end":{"line":34,"column":51}},"11":{"start":{"line":37,"column":4},"end":{"line":43,"column":6}},"12":{"start":{"line":47,"column":16},"end":{"line":47,"column":82}},"13":{"start":{"line":48,"column":20},"end":{"line":48,"column":42}},"14":{"start":{"line":50,"column":4},"end":{"line":52,"column":5}},"15":{"start":{"line":51,"column":6},"end":{"line":51,"column":51}},"16":{"start":{"line":55,"column":23},"end":{"line":56,"column":null}},"17":{"start":{"line":56,"column":14},"end":{"line":56,"column":66}},"18":{"start":{"line":58,"column":4},"end":{"line":65,"column":5}},"19":{"start":{"line":59,"column":6},"end":{"line":64,"column":8}},"20":{"start":{"line":61,"column":21},"end":{"line":61,"column":44}},"21":{"start":{"line":67,"column":26},"end":{"line":67,"column":62}},"22":{"start":{"line":68,"column":4},"end":{"line":72,"column":5}},"23":{"start":{"line":69,"column":6},"end":{"line":71,"column":8}},"24":{"start":{"line":75,"column":4},"end":{"line":75,"column":46}},"25":{"start":{"line":78,"column":26},"end":{"line":78,"column":60}},"26":{"start":{"line":79,"column":4},"end":{"line":82,"column":7}},"27":{"start":{"line":84,"column":4},"end":{"line":87,"column":6}},"28":{"start":{"line":91,"column":24},"end":{"line":91,"column":63}},"29":{"start":{"line":92,"column":4},"end":{"line":94,"column":5}},"30":{"start":{"line":93,"column":6},"end":{"line":93,"column":68}},"31":{"start":{"line":96,"column":24},"end":{"line":96,"column":35}},"32":{"start":{"line":97,"column":16},"end":{"line":97,"column":82}},"33":{"start":{"line":98,"column":20},"end":{"line":98,"column":42}},"34":{"start":{"line":100,"column":4},"end":{"line":102,"column":5}},"35":{"start":{"line":101,"column":6},"end":{"line":101,"column":48}},"36":{"start":{"line":104,"column":4},"end":{"line":104,"column":47}},"37":{"start":{"line":108,"column":36},"end":{"line":108,"column":38}},"38":{"start":{"line":109,"column":4},"end":{"line":122,"column":5}},"39":{"start":{"line":110,"column":50},"end":{"line":110,"column":64}},"40":{"start":{"line":111,"column":6},"end":{"line":114,"column":7}},"41":{"start":{"line":113,"column":8},"end":{"line":113,"column":17}},"42":{"start":{"line":115,"column":6},"end":{"line":121,"column":9}},"43":{"start":{"line":123,"column":4},"end":{"line":123,"column":18}},"44":{"start":{"line":128,"column":4},"end":{"line":128,"column":26}},"45":{"start":{"line":129,"column":4},"end":{"line":129,"column":30}},"46":{"start":{"line":130,"column":4},"end":{"line":130,"column":32}},"47":{"start":{"line":133,"column":4},"end":{"line":133,"column":73}},"48":{"start":{"line":134,"column":4},"end":{"line":134,"column":71}},"49":{"start":{"line":135,"column":4},"end":{"line":135,"column":73}},"50":{"start":{"line":139,"column":16},"end":{"line":139,"column":58}},"51":{"start":{"line":140,"column":4},"end":{"line":140,"column":52}},"52":{"start":{"line":144,"column":16},"end":{"line":144,"column":58}},"53":{"start":{"line":145,"column":4},"end":{"line":145,"column":34}},"54":{"start":{"line":16,"column":13},"end":{"line":16,"column":27}},"55":{"start":{"line":16,"column":13},"end":{"line":147,"column":null}}},"fnMap":{"0":{"name":"(anonymous_2)","decl":{"start":{"line":21,"column":2},"end":{"line":21,"column":null}},"loc":{"start":{"line":21,"column":2},"end":{"line":23,"column":3}}},"1":{"name":"(anonymous_3)","decl":{"start":{"line":25,"column":2},"end":{"line":25,"column":7}},"loc":{"start":{"line":28,"column":21},"end":{"line":44,"column":3}}},"2":{"name":"(anonymous_4)","decl":{"start":{"line":46,"column":2},"end":{"line":46,"column":7}},"loc":{"start":{"line":46,"column":46},"end":{"line":88,"column":3}}},"3":{"name":"(anonymous_5)","decl":{"start":{"line":56,"column":6},"end":{"line":56,"column":7}},"loc":{"start":{"line":56,"column":14},"end":{"line":56,"column":66}}},"4":{"name":"(anonymous_6)","decl":{"start":{"line":61,"column":10},"end":{"line":61,"column":11}},"loc":{"start":{"line":61,"column":21},"end":{"line":61,"column":44}}},"5":{"name":"(anonymous_7)","decl":{"start":{"line":90,"column":2},"end":{"line":90,"column":7}},"loc":{"start":{"line":90,"column":47},"end":{"line":105,"column":3}}},"6":{"name":"(anonymous_8)","decl":{"start":{"line":107,"column":2},"end":{"line":107,"column":7}},"loc":{"start":{"line":107,"column":24},"end":{"line":124,"column":3}}},"7":{"name":"(anonymous_9)","decl":{"start":{"line":127,"column":2},"end":{"line":127,"column":12}},"loc":{"start":{"line":127,"column":12},"end":{"line":136,"column":3}}},"8":{"name":"(anonymous_10)","decl":{"start":{"line":138,"column":2},"end":{"line":138,"column":12}},"loc":{"start":{"line":138,"column":107},"end":{"line":141,"column":3}}},"9":{"name":"(anonymous_11)","decl":{"start":{"line":143,"column":2},"end":{"line":143,"column":20}},"loc":{"start":{"line":143,"column":78},"end":{"line":146,"column":3}}}},"branchMap":{"0":{"loc":{"start":{"line":33,"column":4},"end":{"line":35,"column":5}},"type":"if","locations":[{"start":{"line":33,"column":4},"end":{"line":35,"column":5}}]},"1":{"loc":{"start":{"line":50,"column":4},"end":{"line":52,"column":5}},"type":"if","locations":[{"start":{"line":50,"column":4},"end":{"line":52,"column":5}}]},"2":{"loc":{"start":{"line":58,"column":4},"end":{"line":65,"column":5}},"type":"if","locations":[{"start":{"line":58,"column":4},"end":{"line":65,"column":5}}]},"3":{"loc":{"start":{"line":68,"column":4},"end":{"line":72,"column":5}},"type":"if","locations":[{"start":{"line":68,"column":4},"end":{"line":72,"column":5}}]},"4":{"loc":{"start":{"line":92,"column":4},"end":{"line":94,"column":5}},"type":"if","locations":[{"start":{"line":92,"column":4},"end":{"line":94,"column":5}}]},"5":{"loc":{"start":{"line":100,"column":4},"end":{"line":102,"column":5}},"type":"if","locations":[{"start":{"line":100,"column":4},"end":{"line":102,"column":5}}]},"6":{"loc":{"start":{"line":111,"column":6},"end":{"line":114,"column":7}},"type":"if","locations":[{"start":{"line":111,"column":6},"end":{"line":114,"column":7}}]},"7":{"loc":{"start":{"line":111,"column":10},"end":{"line":111,"column":50}},"type":"binary-expr","locations":[{"start":{"line":111,"column":10},"end":{"line":111,"column":21}},{"start":{"line":111,"column":25},"end":{"line":111,"column":36}},{"start":{"line":111,"column":40},"end":{"line":111,"column":50}}]}},"s":{"0":6,"1":6,"2":6,"3":27,"4":27,"5":27,"6":27,"7":4,"8":4,"9":4,"10":0,"11":4,"12":2,"13":2,"14":2,"15":0,"16":2,"17":0,"18":2,"19":0,"20":0,"21":2,"22":2,"23":0,"24":2,"25":2,"26":2,"27":2,"28":1,"29":1,"30":0,"31":1,"32":1,"33":1,"34":1,"35":1,"36":1,"37":0,"38":0,"39":0,"40":0,"41":0,"42":0,"43":0,"44":27,"45":27,"46":27,"47":27,"48":27,"49":27,"50":0,"51":0,"52":0,"53":0,"54":6,"55":6},"f":{"0":27,"1":4,"2":2,"3":0,"4":0,"5":1,"6":0,"7":27,"8":0,"9":0},"b":{"0":[0],"1":[0],"2":[0],"3":[0],"4":[0],"5":[1],"6":[0],"7":[0,0,0]}}
,"E:\\Assessment Project\\readyon-timeoff\\apps\\timeoff-service\\src\\hcm\\hcm.adapter.ts": {"path":"E:\\Assessment Project\\readyon-timeoff\\apps\\timeoff-service\\src\\hcm\\hcm.adapter.ts","statementMap":{"0":{"start":{"line":1,"column":0},"end":{"line":1,"column":44}},"1":{"start":{"line":2,"column":0},"end":{"line":2,"column":44}},"2":{"start":{"line":3,"column":0},"end":{"line":3,"column":47}},"3":{"start":{"line":4,"column":0},"end":{"line":4,"column":38}},"4":{"start":{"line":5,"column":0},"end":{"line":5,"column":114}},"5":{"start":{"line":9,"column":7},"end":{"line":124,"column":null}},"6":{"start":{"line":14,"column":21},"end":{"line":14,"column":34}},"7":{"start":{"line":15,"column":21},"end":{"line":15,"column":36}},"8":{"start":{"line":17,"column":4},"end":{"line":17,"column":73}},"9":{"start":{"line":18,"column":4},"end":{"line":18,"column":77}},"10":{"start":{"line":26,"column":4},"end":{"line":42,"column":5}},"11":{"start":{"line":27,"column":18},"end":{"line":27,"column":89}},"12":{"start":{"line":28,"column":23},"end":{"line":32,"column":null}},"13":{"start":{"line":35,"column":6},"end":{"line":37,"column":7}},"14":{"start":{"line":36,"column":8},"end":{"line":36,"column":66}},"15":{"start":{"line":39,"column":6},"end":{"line":39,"column":27}},"16":{"start":{"line":41,"column":6},"end":{"line":41,"column":30}},"17":{"start":{"line":46,"column":4},"end":{"line":62,"column":5}},"18":{"start":{"line":47,"column":18},"end":{"line":47,"column":48}},"19":{"start":{"line":48,"column":23},"end":{"line":52,"column":null}},"20":{"start":{"line":55,"column":6},"end":{"line":57,"column":7}},"21":{"start":{"line":56,"column":8},"end":{"line":56,"column":66}},"22":{"start":{"line":59,"column":6},"end":{"line":59,"column":27}},"23":{"start":{"line":61,"column":6},"end":{"line":61,"column":30}},"24":{"start":{"line":66,"column":4},"end":{"line":76,"column":5}},"25":{"start":{"line":67,"column":18},"end":{"line":67,"column":68}},"26":{"start":{"line":68,"column":6},"end":{"line":73,"column":8}},"27":{"start":{"line":75,"column":6},"end":{"line":75,"column":30}},"28":{"start":{"line":80,"column":4},"end":{"line":96,"column":5}},"29":{"start":{"line":81,"column":18},"end":{"line":81,"column":54}},"30":{"start":{"line":82,"column":23},"end":{"line":86,"column":null}},"31":{"start":{"line":89,"column":6},"end":{"line":91,"column":7}},"32":{"start":{"line":90,"column":8},"end":{"line":90,"column":66}},"33":{"start":{"line":93,"column":6},"end":{"line":93,"column":27}},"34":{"start":{"line":95,"column":6},"end":{"line":95,"column":30}},"35":{"start":{"line":100,"column":4},"end":{"line":104,"column":5}},"36":{"start":{"line":103,"column":6},"end":{"line":103,"column":18}},"37":{"start":{"line":106,"column":23},"end":{"line":106,"column":35}},"38":{"start":{"line":108,"column":4},"end":{"line":116,"column":5}},"39":{"start":{"line":109,"column":19},"end":{"line":109,"column":43}},"40":{"start":{"line":110,"column":6},"end":{"line":112,"column":7}},"41":{"start":{"line":111,"column":8},"end":{"line":111,"column":94}},"42":{"start":{"line":113,"column":6},"end":{"line":115,"column":7}},"43":{"start":{"line":114,"column":8},"end":{"line":114,"column":88}},"44":{"start":{"line":118,"column":4},"end":{"line":120,"column":5}},"45":{"start":{"line":119,"column":6},"end":{"line":119,"column":86}},"46":{"start":{"line":122,"column":4},"end":{"line":122,"column":106}},"47":{"start":{"line":9,"column":13},"end":{"line":9,"column":23}},"48":{"start":{"line":9,"column":13},"end":{"line":124,"column":null}}},"fnMap":{"0":{"name":"(anonymous_2)","decl":{"start":{"line":13,"column":2},"end":{"line":13,"column":null}},"loc":{"start":{"line":15,"column":49},"end":{"line":19,"column":3}}},"1":{"name":"(anonymous_3)","decl":{"start":{"line":21,"column":2},"end":{"line":21,"column":7}},"loc":{"start":{"line":24,"column":21},"end":{"line":43,"column":3}}},"2":{"name":"(anonymous_4)","decl":{"start":{"line":45,"column":2},"end":{"line":45,"column":7}},"loc":{"start":{"line":45,"column":46},"end":{"line":63,"column":3}}},"3":{"name":"(anonymous_5)","decl":{"start":{"line":65,"column":2},"end":{"line":65,"column":7}},"loc":{"start":{"line":65,"column":47},"end":{"line":77,"column":3}}},"4":{"name":"(anonymous_6)","decl":{"start":{"line":79,"column":2},"end":{"line":79,"column":7}},"loc":{"start":{"line":79,"column":24},"end":{"line":97,"column":3}}},"5":{"name":"(anonymous_7)","decl":{"start":{"line":99,"column":10},"end":{"line":99,"column":21}},"loc":{"start":{"line":99,"column":36},"end":{"line":123,"column":3}}}},"branchMap":{"0":{"loc":{"start":{"line":35,"column":6},"end":{"line":37,"column":7}},"type":"if","locations":[{"start":{"line":35,"column":6},"end":{"line":37,"column":7}}]},"1":{"loc":{"start":{"line":55,"column":6},"end":{"line":57,"column":7}},"type":"if","locations":[{"start":{"line":55,"column":6},"end":{"line":57,"column":7}}]},"2":{"loc":{"start":{"line":89,"column":6},"end":{"line":91,"column":7}},"type":"if","locations":[{"start":{"line":89,"column":6},"end":{"line":91,"column":7}}]},"3":{"loc":{"start":{"line":100,"column":4},"end":{"line":104,"column":5}},"type":"if","locations":[{"start":{"line":100,"column":4},"end":{"line":104,"column":5}}]},"4":{"loc":{"start":{"line":100,"column":8},"end":{"line":102,"column":44}},"type":"binary-expr","locations":[{"start":{"line":100,"column":8},"end":{"line":100,"column":52}},{"start":{"line":101,"column":8},"end":{"line":101,"column":49}},{"start":{"line":102,"column":8},"end":{"line":102,"column":44}}]},"5":{"loc":{"start":{"line":108,"column":4},"end":{"line":116,"column":5}},"type":"if","locations":[{"start":{"line":108,"column":4},"end":{"line":116,"column":5}}]},"6":{"loc":{"start":{"line":110,"column":6},"end":{"line":112,"column":7}},"type":"if","locations":[{"start":{"line":110,"column":6},"end":{"line":112,"column":7}}]},"7":{"loc":{"start":{"line":111,"column":46},"end":{"line":111,"column":92}},"type":"binary-expr","locations":[{"start":{"line":111,"column":46},"end":{"line":111,"column":59}},{"start":{"line":111,"column":63},"end":{"line":111,"column":92}}]},"8":{"loc":{"start":{"line":113,"column":6},"end":{"line":115,"column":7}},"type":"if","locations":[{"start":{"line":113,"column":6},"end":{"line":115,"column":7}}]},"9":{"loc":{"start":{"line":114,"column":43},"end":{"line":114,"column":86}},"type":"binary-expr","locations":[{"start":{"line":114,"column":43},"end":{"line":114,"column":56}},{"start":{"line":114,"column":60},"end":{"line":114,"column":86}}]},"10":{"loc":{"start":{"line":118,"column":4},"end":{"line":120,"column":5}},"type":"if","locations":[{"start":{"line":118,"column":4},"end":{"line":120,"column":5}}]},"11":{"loc":{"start":{"line":118,"column":8},"end":{"line":118,"column":82}},"type":"binary-expr","locations":[{"start":{"line":118,"column":8},"end":{"line":118,"column":43}},{"start":{"line":118,"column":47},"end":{"line":118,"column":82}}]},"12":{"loc":{"start":{"line":119,"column":36},"end":{"line":119,"column":84}},"type":"binary-expr","locations":[{"start":{"line":119,"column":36},"end":{"line":119,"column":55}},{"start":{"line":119,"column":59},"end":{"line":119,"column":84}}]},"13":{"loc":{"start":{"line":122,"column":48},"end":{"line":122,"column":102}},"type":"cond-expr","locations":[{"start":{"line":122,"column":73},"end":{"line":122,"column":86}},{"start":{"line":122,"column":89},"end":{"line":122,"column":102}}]}},"s":{"0":3,"1":3,"2":3,"3":3,"4":3,"5":3,"6":19,"7":19,"8":19,"9":19,"10":9,"11":9,"12":9,"13":5,"14":1,"15":4,"16":5,"17":5,"18":5,"19":5,"20":3,"21":0,"22":3,"23":2,"24":2,"25":2,"26":2,"27":1,"28":3,"29":3,"30":3,"31":3,"32":0,"33":3,"34":0,"35":8,"36":1,"37":7,"38":7,"39":3,"40":3,"41":2,"42":1,"43":1,"44":4,"45":1,"46":3,"47":3,"48":3},"f":{"0":19,"1":9,"2":5,"3":2,"4":3,"5":8},"b":{"0":[1],"1":[0],"2":[0],"3":[1],"4":[8,8,8],"5":[3],"6":[2],"7":[2,1],"8":[1],"9":[1,0],"10":[1],"11":[4,3],"12":[1,1],"13":[3,0]}}
,"E:\\Assessment Project\\readyon-timeoff\\apps\\timeoff-service\\src\\hcm\\hcm.module.ts": {"path":"E:\\Assessment Project\\readyon-timeoff\\apps\\timeoff-service\\src\\hcm\\hcm.module.ts","statementMap":{"0":{"start":{"line":1,"column":0},"end":{"line":1,"column":43}},"1":{"start":{"line":2,"column":0},"end":{"line":2,"column":40}},"2":{"start":{"line":3,"column":0},"end":{"line":3,"column":43}},"3":{"start":{"line":4,"column":0},"end":{"line":4,"column":52}},"4":{"start":{"line":16,"column":7},"end":{"line":16,"column":null}},"5":{"start":{"line":16,"column":13},"end":{"line":16,"column":22}},"6":{"start":{"line":16,"column":13},"end":{"line":16,"column":null}}},"fnMap":{},"branchMap":{"0":{"loc":{"start":{"line":11,"column":16},"end":{"line":11,"column":80}},"type":"cond-expr","locations":[{"start":{"line":11,"column":53},"end":{"line":11,"column":67}},{"start":{"line":11,"column":70},"end":{"line":11,"column":80}}]}},"s":{"0":2,"1":2,"2":2,"3":2,"4":2,"5":2,"6":2},"f":{},"b":{"0":[2,0]}}
,"E:\\Assessment Project\\readyon-timeoff\\apps\\timeoff-service\\src\\health\\health.controller.ts": {"path":"E:\\Assessment Project\\readyon-timeoff\\apps\\timeoff-service\\src\\health\\health.controller.ts","statementMap":{"0":{"start":{"line":1,"column":0},"end":{"line":1,"column":57}},"1":{"start":{"line":2,"column":0},"end":{"line":2,"column":37}},"2":{"start":{"line":19,"column":7},"end":{"line":58,"column":null}},"3":{"start":{"line":21,"column":21},"end":{"line":21,"column":33}},"4":{"start":{"line":23,"column":21},"end":{"line":23,"column":44}},"5":{"start":{"line":28,"column":33},"end":{"line":31,"column":6}},"6":{"start":{"line":34,"column":4},"end":{"line":38,"column":5}},"7":{"start":{"line":35,"column":6},"end":{"line":35,"column":46}},"8":{"start":{"line":37,"column":6},"end":{"line":37,"column":85}},"9":{"start":{"line":41,"column":4},"end":{"line":45,"column":5}},"10":{"start":{"line":42,"column":6},"end":{"line":42,"column":47}},"11":{"start":{"line":44,"column":6},"end":{"line":44,"column":80}},"12":{"start":{"line":47,"column":18},"end":{"line":47,"column":79}},"13":{"start":{"line":48,"column":20},"end":{"line":48,"column":85}},"14":{"start":{"line":50,"column":45},"end":{"line":50,"column":89}},"15":{"start":{"line":52,"column":4},"end":{"line":56,"column":6}},"16":{"start":{"line":19,"column":13},"end":{"line":19,"column":29}},"17":{"start":{"line":27,"column":8},"end":{"line":57,"column":null}},"18":{"start":{"line":19,"column":13},"end":{"line":58,"column":null}}},"fnMap":{"0":{"name":"(anonymous_4)","decl":{"start":{"line":20,"column":2},"end":{"line":20,"column":null}},"loc":{"start":{"line":23,"column":44},"end":{"line":24,"column":6}}},"1":{"name":"(anonymous_5)","decl":{"start":{"line":27,"column":2},"end":{"line":27,"column":7}},"loc":{"start":{"line":27,"column":13},"end":{"line":57,"column":3}}}},"branchMap":{"0":{"loc":{"start":{"line":37,"column":51},"end":{"line":37,"column":82}},"type":"binary-expr","locations":[{"start":{"line":37,"column":51},"end":{"line":37,"column":63}},{"start":{"line":37,"column":67},"end":{"line":37,"column":82}}]},"1":{"loc":{"start":{"line":44,"column":46},"end":{"line":44,"column":77}},"type":"binary-expr","locations":[{"start":{"line":44,"column":46},"end":{"line":44,"column":58}},{"start":{"line":44,"column":62},"end":{"line":44,"column":77}}]},"2":{"loc":{"start":{"line":47,"column":18},"end":{"line":47,"column":79}},"type":"binary-expr","locations":[{"start":{"line":47,"column":18},"end":{"line":47,"column":49}},{"start":{"line":47,"column":53},"end":{"line":47,"column":79}}]},"3":{"loc":{"start":{"line":48,"column":20},"end":{"line":48,"column":85}},"type":"binary-expr","locations":[{"start":{"line":48,"column":20},"end":{"line":48,"column":53}},{"start":{"line":48,"column":57},"end":{"line":48,"column":85}}]},"4":{"loc":{"start":{"line":50,"column":45},"end":{"line":50,"column":89}},"type":"cond-expr","locations":[{"start":{"line":50,"column":53},"end":{"line":50,"column":57}},{"start":{"line":50,"column":60},"end":{"line":50,"column":89}}]},"5":{"loc":{"start":{"line":50,"column":60},"end":{"line":50,"column":89}},"type":"cond-expr","locations":[{"start":{"line":50,"column":70},"end":{"line":50,"column":76}},{"start":{"line":50,"column":79},"end":{"line":50,"column":89}}]}},"s":{"0":3,"1":3,"2":3,"3":11,"4":11,"5":9,"6":9,"7":9,"8":3,"9":9,"10":9,"11":3,"12":9,"13":9,"14":9,"15":9,"16":3,"17":3,"18":3},"f":{"0":11,"1":9},"b":{"0":[3,0],"1":[3,0],"2":[9,6],"3":[9,3],"4":[4,5],"5":[1,4]}}
,"E:\\Assessment Project\\readyon-timeoff\\apps\\timeoff-service\\src\\health\\health.module.ts": {"path":"E:\\Assessment Project\\readyon-timeoff\\apps\\timeoff-service\\src\\health\\health.module.ts","statementMap":{"0":{"start":{"line":1,"column":0},"end":{"line":1,"column":40}},"1":{"start":{"line":2,"column":0},"end":{"line":2,"column":55}},"2":{"start":{"line":3,"column":0},"end":{"line":3,"column":46}},"3":{"start":{"line":9,"column":7},"end":{"line":9,"column":null}},"4":{"start":{"line":9,"column":13},"end":{"line":9,"column":25}},"5":{"start":{"line":9,"column":13},"end":{"line":9,"column":null}}},"fnMap":{},"branchMap":{},"s":{"0":2,"1":2,"2":2,"3":2,"4":2,"5":2},"f":{},"b":{}}
,"E:\\Assessment Project\\readyon-timeoff\\apps\\timeoff-service\\src\\requests\\requests.controller.ts": {"path":"E:\\Assessment Project\\readyon-timeoff\\apps\\timeoff-service\\src\\requests\\requests.controller.ts","statementMap":{"0":{"start":{"line":1,"column":0},"end":{"line":1,"column":null}},"1":{"start":{"line":12,"column":0},"end":{"line":12,"column":53}},"2":{"start":{"line":13,"column":0},"end":{"line":13,"column":60}},"3":{"start":{"line":14,"column":0},"end":{"line":14,"column":62}},"4":{"start":{"line":15,"column":0},"end":{"line":15,"column":60}},"5":{"start":{"line":16,"column":0},"end":{"line":16,"column":96}},"6":{"start":{"line":19,"column":7},"end":{"line":70,"column":null}},"7":{"start":{"line":20,"column":31},"end":{"line":20,"column":48}},"8":{"start":{"line":24,"column":4},"end":{"line":24,"column":51}},"9":{"start":{"line":32,"column":76},"end":{"line":32,"column":78}},"10":{"start":{"line":33,"column":4},"end":{"line":33,"column":52}},"11":{"start":{"line":33,"column":20},"end":{"line":33,"column":52}},"12":{"start":{"line":34,"column":4},"end":{"line":34,"column":40}},"13":{"start":{"line":34,"column":16},"end":{"line":34,"column":40}},"14":{"start":{"line":35,"column":4},"end":{"line":35,"column":54}},"15":{"start":{"line":40,"column":4},"end":{"line":40,"column":54}},"16":{"start":{"line":48,"column":4},"end":{"line":50,"column":5}},"17":{"start":{"line":49,"column":6},"end":{"line":49,"column":69}},"18":{"start":{"line":52,"column":4},"end":{"line":52,"column":66}},"19":{"start":{"line":60,"column":4},"end":{"line":60,"column":73}},"20":{"start":{"line":68,"column":4},"end":{"line":68,"column":84}},"21":{"start":{"line":19,"column":13},"end":{"line":19,"column":31}},"22":{"start":{"line":23,"column":8},"end":{"line":25,"column":null}},"23":{"start":{"line":28,"column":8},"end":{"line":36,"column":null}},"24":{"start":{"line":39,"column":8},"end":{"line":41,"column":null}},"25":{"start":{"line":44,"column":8},"end":{"line":53,"column":null}},"26":{"start":{"line":56,"column":8},"end":{"line":61,"column":null}},"27":{"start":{"line":64,"column":8},"end":{"line":69,"column":null}},"28":{"start":{"line":19,"column":13},"end":{"line":70,"column":null}}},"fnMap":{"0":{"name":"(anonymous_4)","decl":{"start":{"line":20,"column":2},"end":{"line":20,"column":31}},"loc":{"start":{"line":20,"column":63},"end":{"line":20,"column":67}}},"1":{"name":"(anonymous_5)","decl":{"start":{"line":23,"column":2},"end":{"line":23,"column":7}},"loc":{"start":{"line":23,"column":51},"end":{"line":25,"column":3}}},"2":{"name":"(anonymous_6)","decl":{"start":{"line":28,"column":2},"end":{"line":28,"column":7}},"loc":{"start":{"line":30,"column":50},"end":{"line":36,"column":3}}},"3":{"name":"(anonymous_7)","decl":{"start":{"line":39,"column":2},"end":{"line":39,"column":7}},"loc":{"start":{"line":39,"column":56},"end":{"line":41,"column":3}}},"4":{"name":"(anonymous_8)","decl":{"start":{"line":44,"column":2},"end":{"line":44,"column":7}},"loc":{"start":{"line":46,"column":43},"end":{"line":53,"column":3}}},"5":{"name":"(anonymous_9)","decl":{"start":{"line":56,"column":2},"end":{"line":56,"column":7}},"loc":{"start":{"line":58,"column":34},"end":{"line":61,"column":3}}},"6":{"name":"(anonymous_10)","decl":{"start":{"line":64,"column":2},"end":{"line":64,"column":7}},"loc":{"start":{"line":66,"column":33},"end":{"line":69,"column":3}}}},"branchMap":{"0":{"loc":{"start":{"line":33,"column":4},"end":{"line":33,"column":52}},"type":"if","locations":[{"start":{"line":33,"column":4},"end":{"line":33,"column":52}}]},"1":{"loc":{"start":{"line":34,"column":4},"end":{"line":34,"column":40}},"type":"if","locations":[{"start":{"line":34,"column":4},"end":{"line":34,"column":40}}]},"2":{"loc":{"start":{"line":48,"column":4},"end":{"line":50,"column":5}},"type":"if","locations":[{"start":{"line":48,"column":4},"end":{"line":50,"column":5}}]}},"s":{"0":2,"1":2,"2":2,"3":2,"4":2,"5":2,"6":2,"7":2,"8":1,"9":0,"10":0,"11":0,"12":0,"13":0,"14":0,"15":0,"16":1,"17":0,"18":1,"19":1,"20":0,"21":2,"22":2,"23":2,"24":2,"25":2,"26":2,"27":2,"28":2},"f":{"0":2,"1":1,"2":0,"3":0,"4":1,"5":1,"6":0},"b":{"0":[0],"1":[0],"2":[0]}}
,"E:\\Assessment Project\\readyon-timeoff\\apps\\timeoff-service\\src\\requests\\requests.module.ts": {"path":"E:\\Assessment Project\\readyon-timeoff\\apps\\timeoff-service\\src\\requests\\requests.module.ts","statementMap":{"0":{"start":{"line":1,"column":0},"end":{"line":1,"column":40}},"1":{"start":{"line":2,"column":0},"end":{"line":2,"column":48}},"2":{"start":{"line":3,"column":0},"end":{"line":3,"column":74}},"3":{"start":{"line":4,"column":0},"end":{"line":4,"column":53}},"4":{"start":{"line":5,"column":0},"end":{"line":5,"column":59}},"5":{"start":{"line":6,"column":0},"end":{"line":6,"column":58}},"6":{"start":{"line":7,"column":0},"end":{"line":7,"column":52}},"7":{"start":{"line":8,"column":0},"end":{"line":8,"column":46}},"8":{"start":{"line":21,"column":7},"end":{"line":21,"column":null}},"9":{"start":{"line":21,"column":13},"end":{"line":21,"column":27}},"10":{"start":{"line":21,"column":13},"end":{"line":21,"column":null}}},"fnMap":{},"branchMap":{},"s":{"0":2,"1":2,"2":2,"3":2,"4":2,"5":2,"6":2,"7":2,"8":2,"9":2,"10":2},"f":{},"b":{}}
,"E:\\Assessment Project\\readyon-timeoff\\apps\\timeoff-service\\src\\requests\\requests.service.ts": {"path":"E:\\Assessment Project\\readyon-timeoff\\apps\\timeoff-service\\src\\requests\\requests.service.ts","statementMap":{"0":{"start":{"line":1,"column":0},"end":{"line":1,"column":52}},"1":{"start":{"line":2,"column":0},"end":{"line":2,"column":51}},"2":{"start":{"line":3,"column":0},"end":{"line":3,"column":49}},"3":{"start":{"line":4,"column":0},"end":{"line":4,"column":36}},"4":{"start":{"line":5,"column":0},"end":{"line":5,"column":null}},"5":{"start":{"line":15,"column":0},"end":{"line":15,"column":60}},"6":{"start":{"line":16,"column":0},"end":{"line":16,"column":54}},"7":{"start":{"line":17,"column":0},"end":{"line":17,"column":96}},"8":{"start":{"line":23,"column":7},"end":{"line":494,"column":null}},"9":{"start":{"line":26,"column":21},"end":{"line":26,"column":40}},"10":{"start":{"line":28,"column":21},"end":{"line":28,"column":44}},"11":{"start":{"line":29,"column":21},"end":{"line":29,"column":37}},"12":{"start":{"line":30,"column":21},"end":{"line":30,"column":35}},"13":{"start":{"line":31,"column":21},"end":{"line":31,"column":33}},"14":{"start":{"line":35,"column":4},"end":{"line":102,"column":7}},"15":{"start":{"line":37,"column":22},"end":{"line":45,"column":null}},"16":{"start":{"line":38,"column":9},"end":{"line":38,"column":65}},"17":{"start":{"line":48,"column":6},"end":{"line":52,"column":7}},"18":{"start":{"line":49,"column":8},"end":{"line":51,"column":10}},"19":{"start":{"line":54,"column":28},"end":{"line":54,"column":86}},"20":{"start":{"line":55,"column":6},"end":{"line":59,"column":7}},"21":{"start":{"line":56,"column":8},"end":{"line":58,"column":10}},"22":{"start":{"line":62,"column":24},"end":{"line":62,"column":32}},"23":{"start":{"line":65,"column":6},"end":{"line":71,"column":8}},"24":{"start":{"line":74,"column":22},"end":{"line":87,"column":8}},"25":{"start":{"line":89,"column":20},"end":{"line":89,"column":47}},"26":{"start":{"line":92,"column":6},"end":{"line":99,"column":9}},"27":{"start":{"line":101,"column":6},"end":{"line":101,"column":19}},"28":{"start":{"line":109,"column":4},"end":{"line":349,"column":7}},"29":{"start":{"line":110,"column":22},"end":{"line":112,"column":8}},"30":{"start":{"line":114,"column":6},"end":{"line":116,"column":7}},"31":{"start":{"line":115,"column":8},"end":{"line":115,"column":78}},"32":{"start":{"line":118,"column":6},"end":{"line":122,"column":7}},"33":{"start":{"line":119,"column":8},"end":{"line":121,"column":10}},"34":{"start":{"line":124,"column":26},"end":{"line":124,"column":40}},"35":{"start":{"line":127,"column":6},"end":{"line":140,"column":7}},"36":{"start":{"line":128,"column":8},"end":{"line":139,"column":9}},"37":{"start":{"line":129,"column":10},"end":{"line":135,"column":12}},"38":{"start":{"line":138,"column":10},"end":{"line":138,"column":73}},"39":{"start":{"line":143,"column":22},"end":{"line":151,"column":null}},"40":{"start":{"line":144,"column":9},"end":{"line":144,"column":65}},"41":{"start":{"line":154,"column":6},"end":{"line":158,"column":7}},"42":{"start":{"line":155,"column":8},"end":{"line":157,"column":10}},"43":{"start":{"line":160,"column":28},"end":{"line":160,"column":86}},"44":{"start":{"line":161,"column":6},"end":{"line":186,"column":7}},"45":{"start":{"line":163,"column":8},"end":{"line":163,"column":55}},"46":{"start":{"line":164,"column":8},"end":{"line":164,"column":72}},"47":{"start":{"line":165,"column":8},"end":{"line":165,"column":38}},"48":{"start":{"line":167,"column":8},"end":{"line":172,"column":10}},"49":{"start":{"line":174,"column":24},"end":{"line":174,"column":51}},"50":{"start":{"line":176,"column":8},"end":{"line":183,"column":11}},"51":{"start":{"line":185,"column":8},"end":{"line":185,"column":23}},"52":{"start":{"line":190,"column":6},"end":{"line":253,"column":7}},"53":{"start":{"line":191,"column":8},"end":{"line":199,"column":11}},"54":{"start":{"line":201,"column":8},"end":{"line":217,"column":9}},"55":{"start":{"line":203,"column":10},"end":{"line":203,"column":59}},"56":{"start":{"line":204,"column":10},"end":{"line":204,"column":40}},"57":{"start":{"line":205,"column":26},"end":{"line":205,"column":53}},"58":{"start":{"line":207,"column":10},"end":{"line":214,"column":13}},"59":{"start":{"line":216,"column":10},"end":{"line":216,"column":25}},"60":{"start":{"line":219,"column":8},"end":{"line":250,"column":9}},"61":{"start":{"line":224,"column":10},"end":{"line":229,"column":12}},"62":{"start":{"line":231,"column":10},"end":{"line":231,"column":57}},"63":{"start":{"line":232,"column":10},"end":{"line":235,"column":43}},"64":{"start":{"line":236,"column":10},"end":{"line":236,"column":40}},"65":{"start":{"line":238,"column":26},"end":{"line":238,"column":53}},"66":{"start":{"line":240,"column":10},"end":{"line":247,"column":13}},"67":{"start":{"line":249,"column":10},"end":{"line":249,"column":25}},"68":{"start":{"line":252,"column":8},"end":{"line":252,"column":20}},"69":{"start":{"line":255,"column":6},"end":{"line":280,"column":7}},"70":{"start":{"line":257,"column":8},"end":{"line":262,"column":10}},"71":{"start":{"line":264,"column":8},"end":{"line":264,"column":55}},"72":{"start":{"line":265,"column":8},"end":{"line":265,"column":83}},"73":{"start":{"line":266,"column":8},"end":{"line":266,"column":38}},"74":{"start":{"line":268,"column":24},"end":{"line":268,"column":51}},"75":{"start":{"line":270,"column":8},"end":{"line":277,"column":11}},"76":{"start":{"line":279,"column":8},"end":{"line":279,"column":23}},"77":{"start":{"line":283,"column":6},"end":{"line":288,"column":8}},"78":{"start":{"line":290,"column":6},"end":{"line":290,"column":53}},"79":{"start":{"line":291,"column":6},"end":{"line":291,"column":59}},"80":{"start":{"line":292,"column":6},"end":{"line":292,"column":36}},"81":{"start":{"line":294,"column":22},"end":{"line":294,"column":49}},"82":{"start":{"line":296,"column":6},"end":{"line":303,"column":9}},"83":{"start":{"line":306,"column":6},"end":{"line":346,"column":7}},"84":{"start":{"line":307,"column":27},"end":{"line":310,"column":null}},"85":{"start":{"line":313,"column":31},"end":{"line":321,"column":null}},"86":{"start":{"line":314,"column":11},"end":{"line":314,"column":67}},"87":{"start":{"line":324,"column":8},"end":{"line":343,"column":9}},"88":{"start":{"line":329,"column":10},"end":{"line":342,"column":13}},"89":{"start":{"line":345,"column":8},"end":{"line":345,"column":76}},"90":{"start":{"line":348,"column":6},"end":{"line":348,"column":21}},"91":{"start":{"line":357,"column":4},"end":{"line":398,"column":7}},"92":{"start":{"line":358,"column":22},"end":{"line":360,"column":8}},"93":{"start":{"line":362,"column":6},"end":{"line":364,"column":7}},"94":{"start":{"line":363,"column":8},"end":{"line":363,"column":78}},"95":{"start":{"line":366,"column":6},"end":{"line":370,"column":7}},"96":{"start":{"line":367,"column":8},"end":{"line":369,"column":10}},"97":{"start":{"line":372,"column":26},"end":{"line":372,"column":40}},"98":{"start":{"line":375,"column":6},"end":{"line":380,"column":8}},"99":{"start":{"line":382,"column":6},"end":{"line":382,"column":53}},"100":{"start":{"line":383,"column":6},"end":{"line":383,"column":39}},"101":{"start":{"line":384,"column":6},"end":{"line":384,"column":36}},"102":{"start":{"line":386,"column":22},"end":{"line":386,"column":64}},"103":{"start":{"line":388,"column":6},"end":{"line":395,"column":9}},"104":{"start":{"line":397,"column":6},"end":{"line":397,"column":21}},"105":{"start":{"line":402,"column":4},"end":{"line":461,"column":7}},"106":{"start":{"line":403,"column":22},"end":{"line":405,"column":8}},"107":{"start":{"line":407,"column":6},"end":{"line":409,"column":7}},"108":{"start":{"line":408,"column":8},"end":{"line":408,"column":78}},"109":{"start":{"line":411,"column":6},"end":{"line":413,"column":7}},"110":{"start":{"line":412,"column":8},"end":{"line":412,"column":82}},"111":{"start":{"line":415,"column":6},"end":{"line":417,"column":7}},"112":{"start":{"line":416,"column":8},"end":{"line":416,"column":86}},"113":{"start":{"line":419,"column":26},"end":{"line":419,"column":40}},"114":{"start":{"line":421,"column":6},"end":{"line":445,"column":7}},"115":{"start":{"line":423,"column":8},"end":{"line":436,"column":9}},"116":{"start":{"line":424,"column":10},"end":{"line":424,"column":73}},"117":{"start":{"line":427,"column":10},"end":{"line":432,"column":12}},"118":{"start":{"line":434,"column":10},"end":{"line":434,"column":69}},"119":{"start":{"line":435,"column":10},"end":{"line":435,"column":22}},"120":{"start":{"line":437,"column":13},"end":{"line":445,"column":7}},"121":{"start":{"line":439,"column":8},"end":{"line":444,"column":10}},"122":{"start":{"line":447,"column":6},"end":{"line":447,"column":54}},"123":{"start":{"line":449,"column":22},"end":{"line":449,"column":64}},"124":{"start":{"line":451,"column":6},"end":{"line":458,"column":9}},"125":{"start":{"line":460,"column":6},"end":{"line":460,"column":21}},"126":{"start":{"line":468,"column":18},"end":{"line":468,"column":70}},"127":{"start":{"line":470,"column":4},"end":{"line":474,"column":5}},"128":{"start":{"line":471,"column":6},"end":{"line":473,"column":9}},"129":{"start":{"line":476,"column":4},"end":{"line":478,"column":5}},"130":{"start":{"line":477,"column":6},"end":{"line":477,"column":77}},"131":{"start":{"line":480,"column":4},"end":{"line":480,"column":64}},"132":{"start":{"line":484,"column":20},"end":{"line":486,"column":6}},"133":{"start":{"line":488,"column":4},"end":{"line":490,"column":5}},"134":{"start":{"line":489,"column":6},"end":{"line":489,"column":76}},"135":{"start":{"line":492,"column":4},"end":{"line":492,"column":19}},"136":{"start":{"line":23,"column":13},"end":{"line":23,"column":28}},"137":{"start":{"line":23,"column":13},"end":{"line":494,"column":null}}},"fnMap":{"0":{"name":"(anonymous_13)","decl":{"start":{"line":24,"column":2},"end":{"line":24,"column":null}},"loc":{"start":{"line":31,"column":43},"end":{"line":32,"column":6}}},"1":{"name":"(anonymous_14)","decl":{"start":{"line":34,"column":2},"end":{"line":34,"column":7}},"loc":{"start":{"line":34,"column":43},"end":{"line":103,"column":3}}},"2":{"name":"(anonymous_15)","decl":{"start":{"line":35,"column":39},"end":{"line":35,"column":44}},"loc":{"start":{"line":35,"column":57},"end":{"line":102,"column":5}}},"3":{"name":"(anonymous_16)","decl":{"start":{"line":38,"column":9},"end":{"line":38,"column":22}},"loc":{"start":{"line":38,"column":9},"end":{"line":38,"column":65}}},"4":{"name":"(anonymous_17)","decl":{"start":{"line":105,"column":2},"end":{"line":105,"column":7}},"loc":{"start":{"line":107,"column":21},"end":{"line":350,"column":3}}},"5":{"name":"(anonymous_18)","decl":{"start":{"line":109,"column":39},"end":{"line":109,"column":44}},"loc":{"start":{"line":109,"column":57},"end":{"line":349,"column":5}}},"6":{"name":"(anonymous_19)","decl":{"start":{"line":144,"column":9},"end":{"line":144,"column":22}},"loc":{"start":{"line":144,"column":9},"end":{"line":144,"column":65}}},"7":{"name":"(anonymous_20)","decl":{"start":{"line":314,"column":11},"end":{"line":314,"column":24}},"loc":{"start":{"line":314,"column":11},"end":{"line":314,"column":67}}},"8":{"name":"(anonymous_21)","decl":{"start":{"line":352,"column":2},"end":{"line":352,"column":7}},"loc":{"start":{"line":355,"column":18},"end":{"line":399,"column":3}}},"9":{"name":"(anonymous_22)","decl":{"start":{"line":357,"column":39},"end":{"line":357,"column":44}},"loc":{"start":{"line":357,"column":50},"end":{"line":398,"column":5}}},"10":{"name":"(anonymous_23)","decl":{"start":{"line":401,"column":2},"end":{"line":401,"column":7}},"loc":{"start":{"line":401,"column":56},"end":{"line":462,"column":3}}},"11":{"name":"(anonymous_24)","decl":{"start":{"line":402,"column":39},"end":{"line":402,"column":44}},"loc":{"start":{"line":402,"column":50},"end":{"line":461,"column":5}}},"12":{"name":"(anonymous_25)","decl":{"start":{"line":464,"column":2},"end":{"line":464,"column":7}},"loc":{"start":{"line":467,"column":3},"end":{"line":481,"column":3}}},"13":{"name":"(anonymous_26)","decl":{"start":{"line":483,"column":2},"end":{"line":483,"column":7}},"loc":{"start":{"line":483,"column":36},"end":{"line":493,"column":3}}}},"branchMap":{"0":{"loc":{"start":{"line":48,"column":6},"end":{"line":52,"column":7}},"type":"if","locations":[{"start":{"line":48,"column":6},"end":{"line":52,"column":7}}]},"1":{"loc":{"start":{"line":55,"column":6},"end":{"line":59,"column":7}},"type":"if","locations":[{"start":{"line":55,"column":6},"end":{"line":59,"column":7}}]},"2":{"loc":{"start":{"line":86,"column":15},"end":{"line":86,"column":32}},"type":"binary-expr","locations":[{"start":{"line":86,"column":15},"end":{"line":86,"column":24}},{"start":{"line":86,"column":28},"end":{"line":86,"column":32}}]},"3":{"loc":{"start":{"line":114,"column":6},"end":{"line":116,"column":7}},"type":"if","locations":[{"start":{"line":114,"column":6},"end":{"line":116,"column":7}}]},"4":{"loc":{"start":{"line":118,"column":6},"end":{"line":122,"column":7}},"type":"if","locations":[{"start":{"line":118,"column":6},"end":{"line":122,"column":7}}]},"5":{"loc":{"start":{"line":127,"column":6},"end":{"line":140,"column":7}},"type":"if","locations":[{"start":{"line":127,"column":6},"end":{"line":140,"column":7}}]},"6":{"loc":{"start":{"line":154,"column":6},"end":{"line":158,"column":7}},"type":"if","locations":[{"start":{"line":154,"column":6},"end":{"line":158,"column":7}}]},"7":{"loc":{"start":{"line":161,"column":6},"end":{"line":186,"column":7}},"type":"if","locations":[{"start":{"line":161,"column":6},"end":{"line":186,"column":7}}]},"8":{"loc":{"start":{"line":201,"column":8},"end":{"line":217,"column":9}},"type":"if","locations":[{"start":{"line":201,"column":8},"end":{"line":217,"column":9}}]},"9":{"loc":{"start":{"line":219,"column":8},"end":{"line":250,"column":9}},"type":"if","locations":[{"start":{"line":219,"column":8},"end":{"line":250,"column":9}}]},"10":{"loc":{"start":{"line":220,"column":10},"end":{"line":221,"column":51}},"type":"binary-expr","loca
[...]
,"E:\\Assessment Project\\readyon-timeoff\\apps\\timeoff-service\\src\\sync\\reconciliation.service.ts": {"path":"E:\\Assessment Project\\readyon-timeoff\\apps\\timeoff-service\\src\\sync\\reconciliation.service.ts","statementMap":{"0":{"start":{"line":1,"column":0},"end":{"line":1,"column":44}},"1":{"start":{"line":2,"column":0},"end":{"line":2,"column":51}},"2":{"start":{"line":3,"column":0},"end":{"line":3,"column":47}},"3":{"start":{"line":4,"column":0},"end":{"line":4,"column":78}},"4":{"start":{"line":5,"column":0},"end":{"line":5,"column":45}},"5":{"start":{"line":14,"column":7},"end":{"line":59,"column":null}},"6":{"start":{"line":17,"column":21},"end":{"line":17,"column":40}},"7":{"start":{"line":18,"column":21},"end":{"line":18,"column":34}},"8":{"start":{"line":22,"column":41},"end":{"line":26,"column":6}},"9":{"start":{"line":28,"column":19},"end":{"line":28,"column":54}},"10":{"start":{"line":29,"column":26},"end":{"line":31,"column":6}},"11":{"start":{"line":33,"column":4},"end":{"line":33,"column":42}},"12":{"start":{"line":35,"column":4},"end":{"line":55,"column":5}},"13":{"start":{"line":36,"column":6},"end":{"line":54,"column":7}},"14":{"start":{"line":37,"column":28},"end":{"line":37,"column":45}},"15":{"start":{"line":38,"column":27},"end":{"line":38,"column":43}},"16":{"start":{"line":40,"column":24},"end":{"line":43,"column":null}},"17":{"start":{"line":46,"column":8},"end":{"line":48,"column":9}},"18":{"start":{"line":47,"column":10},"end":{"line":47,"column":27}},"19":{"start":{"line":50,"column":25},"end":{"line":50,"column":79}},"20":{"start":{"line":51,"column":8},"end":{"line":53,"column":10}},"21":{"start":{"line":57,"column":4},"end":{"line":57,"column":18}},"22":{"start":{"line":14,"column":13},"end":{"line":14,"column":34}},"23":{"start":{"line":14,"column":13},"end":{"line":59,"column":null}}},"fnMap":{"0":{"name":"(anonymous_4)","decl":{"start":{"line":15,"column":2},"end":{"line":15,"column":null}},"loc":{"start":{"line":18,"column":45},"end":{"line":19,"column":6}}},"1":{"name":"(anonymous_5)","decl":{"start":{"line":21,"column":2},"end":{"line":21,"column":7}},"loc":{"start":{"line":21,"column":64},"end":{"line":58,"column":3}}}},"branchMap":{"0":{"loc":{"start":{"line":21,"column":31},"end":{"line":21,"column":64}},"type":"default-arg","locations":[{"start":{"line":21,"column":46},"end":{"line":21,"column":64}}]},"1":{"loc":{"start":{"line":46,"column":8},"end":{"line":48,"column":9}},"type":"if","locations":[{"start":{"line":46,"column":8},"end":{"line":48,"column":9}}]},"2":{"loc":{"start":{"line":46,"column":12},"end":{"line":46,"column":80}},"type":"binary-expr","locations":[{"start":{"line":46,"column":12},"end":{"line":46,"column":45}},{"start":{"line":46,"column":49},"end":{"line":46,"column":80}}]},"3":{"loc":{"start":{"line":50,"column":25},"end":{"line":50,"column":79}},"type":"cond-expr","locations":[{"start":{"line":50,"column":50},"end":{"line":50,"column":63}},{"start":{"line":50,"column":66},"end":{"line":50,"column":79}}]}},"s":{"0":4,"1":4,"2":4,"3":4,"4":4,"5":4,"6":2,"7":2,"8":0,"9":0,"10":0,"11":0,"12":0,"13":0,"14":0,"15":0,"16":0,"17":0,"18":0,"19":0,"20":0,"21":0,"22":4,"23":4},"f":{"0":2,"1":0},"b":{"0":[0],"1":[0],"2":[0,0],"3":[0,0]}}
,"E:\\Assessment Project\\readyon-timeoff\\apps\\timeoff-service\\src\\sync\\sync.controller.ts": {"path":"E:\\Assessment Project\\readyon-timeoff\\apps\\timeoff-service\\src\\sync\\sync.controller.ts","statementMap":{"0":{"start":{"line":1,"column":0},"end":{"line":1,"column":null}},"1":{"start":{"line":10,"column":0},"end":{"line":10,"column":47}},"2":{"start":{"line":11,"column":0},"end":{"line":11,"column":36}},"3":{"start":{"line":12,"column":0},"end":{"line":12,"column":45}},"4":{"start":{"line":13,"column":0},"end":{"line":13,"column":50}},"5":{"start":{"line":14,"column":0},"end":{"line":14,"column":50}},"6":{"start":{"line":18,"column":7},"end":{"line":66,"column":null}},"7":{"start":{"line":20,"column":21},"end":{"line":20,"column":34}},"8":{"start":{"line":21,"column":21},"end":{"line":21,"column":36}},"9":{"start":{"line":29,"column":4},"end":{"line":29,"column":49}},"10":{"start":{"line":30,"column":4},"end":{"line":30,"column":48}},"11":{"start":{"line":38,"column":4},"end":{"line":38,"column":49}},"12":{"start":{"line":39,"column":4},"end":{"line":39,"column":50}},"13":{"start":{"line":48,"column":4},"end":{"line":48,"column":75}},"14":{"start":{"line":52,"column":4},"end":{"line":54,"column":5}},"15":{"start":{"line":53,"column":6},"end":{"line":53,"column":76}},"16":{"start":{"line":56,"column":19},"end":{"line":56,"column":76}},"17":{"start":{"line":57,"column":23},"end":{"line":57,"column":46}},"18":{"start":{"line":58,"column":30},"end":{"line":60,"column":20}},"19":{"start":{"line":62,"column":4},"end":{"line":64,"column":5}},"20":{"start":{"line":63,"column":6},"end":{"line":63,"column":65}},"21":{"start":{"line":18,"column":13},"end":{"line":18,"column":27}},"22":{"start":{"line":25,"column":8},"end":{"line":31,"column":null}},"23":{"start":{"line":34,"column":8},"end":{"line":40,"column":null}},"24":{"start":{"line":43,"column":8},"end":{"line":49,"column":null}},"25":{"start":{"line":18,"column":13},"end":{"line":66,"column":null}}},"fnMap":{"0":{"name":"(anonymous_4)","decl":{"start":{"line":19,"column":2},"end":{"line":19,"column":null}},"loc":{"start":{"line":21,"column":49},"end":{"line":22,"column":6}}},"1":{"name":"(anonymous_5)","decl":{"start":{"line":25,"column":2},"end":{"line":25,"column":7}},"loc":{"start":{"line":27,"column":50},"end":{"line":31,"column":3}}},"2":{"name":"(anonymous_6)","decl":{"start":{"line":34,"column":2},"end":{"line":34,"column":7}},"loc":{"start":{"line":36,"column":50},"end":{"line":40,"column":3}}},"3":{"name":"(anonymous_7)","decl":{"start":{"line":43,"column":2},"end":{"line":43,"column":7}},"loc":{"start":{"line":46,"column":41},"end":{"line":49,"column":3}}},"4":{"name":"(anonymous_8)","decl":{"start":{"line":51,"column":10},"end":{"line":51,"column":31}},"loc":{"start":{"line":51,"column":68},"end":{"line":65,"column":3}}}},"branchMap":{"0":{"loc":{"start":{"line":52,"column":4},"end":{"line":54,"column":5}},"type":"if","locations":[{"start":{"line":52,"column":4},"end":{"line":54,"column":5}}]},"1":{"loc":{"start":{"line":62,"column":4},"end":{"line":64,"column":5}},"type":"if","locations":[{"start":{"line":62,"column":4},"end":{"line":64,"column":5}}]}},"s":{"0":2,"1":2,"2":2,"3":2,"4":2,"5":2,"6":2,"7":2,"8":2,"9":3,"10":1,"11":0,"12":0,"13":0,"14":3,"15":1,"16":2,"17":2,"18":2,"19":2,"20":1,"21":2,"22":2,"23":2,"24":2,"25":2},"f":{"0":2,"1":3,"2":0,"3":0,"4":3},"b":{"0":[1],"1":[1]}}
,"E:\\Assessment Project\\readyon-timeoff\\apps\\timeoff-service\\src\\sync\\sync.module.ts": {"path":"E:\\Assessment Project\\readyon-timeoff\\apps\\timeoff-service\\src\\sync\\sync.module.ts","statementMap":{"0":{"start":{"line":1,"column":0},"end":{"line":1,"column":40}},"1":{"start":{"line":2,"column":0},"end":{"line":2,"column":48}},"2":{"start":{"line":3,"column":0},"end":{"line":3,"column":63}},"3":{"start":{"line":4,"column":0},"end":{"line":4,"column":78}},"4":{"start":{"line":5,"column":0},"end":{"line":5,"column":84}},"5":{"start":{"line":6,"column":0},"end":{"line":6,"column":45}},"6":{"start":{"line":7,"column":0},"end":{"line":7,"column":51}},"7":{"start":{"line":8,"column":0},"end":{"line":8,"column":66}},"8":{"start":{"line":9,"column":0},"end":{"line":9,"column":65}},"9":{"start":{"line":10,"column":0},"end":{"line":10,"column":58}},"10":{"start":{"line":11,"column":0},"end":{"line":11,"column":46}},"11":{"start":{"line":23,"column":7},"end":{"line":23,"column":null}},"12":{"start":{"line":23,"column":13},"end":{"line":23,"column":23}},"13":{"start":{"line":23,"column":13},"end":{"line":23,"column":null}}},"fnMap":{},"branchMap":{},"s":{"0":2,"1":2,"2":2,"3":2,"4":2,"5":2,"6":2,"7":2,"8":2,"9":2,"10":2,"11":2,"12":2,"13":2},"f":{},"b":{}}
,"E:\\Assessment Project\\readyon-timeoff\\apps\\timeoff-service\\src\\sync\\sync.service.ts": {"path":"E:\\Assessment Project\\readyon-timeoff\\apps\\timeoff-service\\src\\sync\\sync.service.ts","statementMap":{"0":{"start":{"line":1,"column":0},"end":{"line":1,"column":52}},"1":{"start":{"line":2,"column":0},"end":{"line":2,"column":51}},"2":{"start":{"line":3,"column":0},"end":{"line":3,"column":49}},"3":{"start":{"line":4,"column":0},"end":{"line":4,"column":36}},"4":{"start":{"line":6,"column":0},"end":{"line":6,"column":60}},"5":{"start":{"line":7,"column":0},"end":{"line":7,"column":97}},"6":{"start":{"line":10,"column":0},"end":{"line":10,"column":78}},"7":{"start":{"line":11,"column":0},"end":{"line":11,"column":106}},"8":{"start":{"line":14,"column":7},"end":{"line":185,"column":null}},"9":{"start":{"line":17,"column":21},"end":{"line":17,"column":42}},"10":{"start":{"line":19,"column":21},"end":{"line":19,"column":40}},"11":{"start":{"line":21,"column":21},"end":{"line":21,"column":40}},"12":{"start":{"line":23,"column":21},"end":{"line":23,"column":44}},"13":{"start":{"line":24,"column":21},"end":{"line":24,"column":37}},"14":{"start":{"line":25,"column":21},"end":{"line":25,"column":33}},"15":{"start":{"line":29,"column":4},"end":{"line":86,"column":7}},"16":{"start":{"line":30,"column":22},"end":{"line":30,"column":23}},"17":{"start":{"line":31,"column":20},"end":{"line":31,"column":21}},"18":{"start":{"line":33,"column":6},"end":{"line":83,"column":7}},"19":{"start":{"line":34,"column":27},"end":{"line":40,"column":10}},"20":{"start":{"line":42,"column":28},"end":{"line":42,"column":79}},"21":{"start":{"line":43,"column":8},"end":{"line":82,"column":9}},"22":{"start":{"line":44,"column":10},"end":{"line":44,"column":22}},"23":{"start":{"line":47,"column":10},"end":{"line":81,"column":11}},"24":{"start":{"line":49,"column":14},"end":{"line":49,"column":81}},"25":{"start":{"line":50,"column":31},"end":{"line":56,"column":14}},"26":{"start":{"line":58,"column":12},"end":{"line":80,"column":13}},"27":{"start":{"line":59,"column":35},"end":{"line":59,"column":59}},"28":{"start":{"line":61,"column":14},"end":{"line":79,"column":15}},"29":{"start":{"line":63,"column":40},"end":{"line":70,"column":18}},"30":{"start":{"line":72,"column":16},"end":{"line":78,"column":17}},"31":{"start":{"line":73,"column":18},"end":{"line":77,"column":19}},"32":{"start":{"line":74,"column":20},"end":{"line":74,"column":74}},"33":{"start":{"line":75,"column":20},"end":{"line":75,"column":48}},"34":{"start":{"line":76,"column":20},"end":{"line":76,"column":30}},"35":{"start":{"line":85,"column":6},"end":{"line":85,"column":36}},"36":{"start":{"line":91,"column":23},"end":{"line":91,"column":44}},"37":{"start":{"line":92,"column":27},"end":{"line":92,"column":80}},"38":{"start":{"line":95,"column":21},"end":{"line":97,"column":6}},"39":{"start":{"line":99,"column":4},"end":{"line":102,"column":5}},"40":{"start":{"line":101,"column":6},"end":{"line":101,"column":13}},"41":{"start":{"line":105,"column":22},"end":{"line":110,"column":6}},"42":{"start":{"line":112,"column":4},"end":{"line":112,"column":51}},"43":{"start":{"line":114,"column":4},"end":{"line":161,"column":5}},"44":{"start":{"line":116,"column":6},"end":{"line":122,"column":9}},"45":{"start":{"line":125,"column":25},"end":{"line":131,"column":8}},"46":{"start":{"line":133,"column":6},"end":{"line":150,"column":7}},"47":{"start":{"line":134,"column":30},"end":{"line":134,"column":54}},"48":{"start":{"line":135,"column":32},"end":{"line":142,"column":10}},"49":{"start":{"line":144,"column":8},"end":{"line":149,"column":9}},"50":{"start":{"line":145,"column":10},"end":{"line":148,"column":11}},"51":{"start":{"line":146,"column":12},"end":{"line":146,"column":66}},"52":{"start":{"line":147,"column":12},"end":{"line":147,"column":55}},"53":{"start":{"line":153,"column":6},"end":{"line":153,"column":51}},"54":{"start":{"line":154,"column":6},"end":{"line":154,"column":41}},"55":{"start":{"line":155,"column":6},"end":{"line":155,"column":53}},"56":{"start":{"line":157,"column":6},"end":{"line":157,"column":48}},"57":{"start":{"line":158,"column":6},"end":{"line":158,"column":88}},"58":{"start":{"line":159,"column":6},"end":{"line":159,"column":53}},"59":{"start":{"line":160,"column":6},"end":{"line":160,"column":18}},"60":{"start":{"line":169,"column":23},"end":{"line":172,"column":null}},"61":{"start":{"line":175,"column":24},"end":{"line":175,"column":75}},"62":{"start":{"line":176,"column":4},"end":{"line":176,"column":19}},"63":{"start":{"line":180,"column":4},"end":{"line":183,"column":7}},"64":{"start":{"line":14,"column":13},"end":{"line":14,"column":24}},"65":{"start":{"line":14,"column":13},"end":{"line":185,"column":null}}},"fnMap":{"0":{"name":"(anonymous_4)","decl":{"start":{"line":15,"column":2},"end":{"line":15,"column":null}},"loc":{"start":{"line":25,"column":43},"end":{"line":26,"column":6}}},"1":{"name":"(anonymous_5)","decl":{"start":{"line":28,"column":2},"end":{"line":28,"column":7}},"loc":{"start":{"line":28,"column":39},"end":{"line":87,"column":3}}},"2":{"name":"(anonymous_6)","decl":{"start":{"line":29,"column":39},"end":{"line":29,"column":44}},"loc":{"start":{"line":29,"column":57},"end":{"line":86,"column":5}}},"3":{"name":"(anonymous_7)","decl":{"start":{"line":89,"column":2},"end":{"line":89,"column":7}},"loc":{"start":{"line":89,"column":42},"end":{"line":162,"column":3}}},"4":{"name":"(anonymous_8)","decl":{"start":{"line":164,"column":2},"end":{"line":164,"column":7}},"loc":{"start":{"line":167,"column":21},"end":{"line":177,"column":3}}},"5":{"name":"(anonymous_9)","decl":{"start":{"line":179,"column":2},"end":{"line":179,"column":7}},"loc":{"start":{"line":179,"column":28},"end":{"line":184,"column":3}}}},"branchMap":{"0":{"loc":{"start":{"line":43,"column":8},"end":{"line":82,"column":9}},"type":"if","locations":[{"start":{"line":43,"column":8},"end":{"line":82,"column":9}}]},"1":{"loc":{"start":{"line":47,"column":10},"end":{"line":81,"column":11}},"type":"if","locations":[{"start":{"line":47,"column":10},"end":{"line":81,"column":11}}]},"2":{"loc":{"start":{"line":58,"column":12},"end":{"line":80,"column":13}},"type":"if","locations":[{"start":{"line":58,"column":12},"end":{"line":80,"column":13}}]},"3":{"loc":{"start":{"line":61,"column":14},"end":{"line":79,"column":15}},"type":"if","locations":[{"start":{"line":61,"column":14},"end":{"line":79,"column":15}}]},"4":{"loc":{"start":{"line":73,"column":18},"end":{"line":77,"column":19}},"type":"if","locations":[{"start":{"line":73,"column":18},"end":{"line":77,"column":19}}]},"5":{"loc":{"start":{"line":99,"column":4},"end":{"line":102,"column":5}},"type":"if","locations":[{"start":{"line":99,"column":4},"end":{"line":102,"column":5}}]},"6":{"loc":{"start":{"line":133,"column":6},"end":{"line":150,"column":7}},"type":"if","locations":[{"start":{"line":133,"column":6},"end":{"line":150,"column":7}}]},"7":{"loc":{"start":{"line":145,"column":10},"end":{"line":148,"column":11}},"type":"if","locations":[{"start":{"line":145,"column":10},"end":{"line":148,"column":11}}]},"8":{"loc":{"start":{"line":158,"column":31},"end":{"line":158,"column":87}},"type":"cond-expr","locations":[{"start":{"line":158,"column":56},"end":{"line":158,"column":69}},{"start":{"line":158,"column":72},"end":{"line":158,"column":87}}]}},"s":{"0":6,"1":6,"2":6,"3":6,"4":6,"5":6,"6":6,"7":6,"8":6,"9":9,"10":9,"11":9,"12":9,"13":9,"14":9,"15":3,"16":3,"17":3,"18":3,"19":3,"20":3,"21":3,"22":2,"23":2,"24":1,"25":1,"26":1,"27":1,"28":1,"29":1,"30":1,"31":1,"32":1,"33":1,"34":1,"35":3,"36":4,"37":4,"38":4,"39":4,"40":2,"41":2,"42":2,"43":2,"44":2,"45":2,"46":2,"47":2,"48":2,"49":2,"50":2,"51":1,"52":1,"53":2,"54":2,"55":2,"56":0,"57":0,"58":0,"59":0,"60":2,"61":2,"62":2,"63":0,"64":6,"65":6},"f":{"0":9,"1":3,"2":3,"3":4,"4":2,"5":0},"b":{"0":[2],"1":[1],"2":[1],"3":[1],"4":[1],"5":[2],"6":[2],"7":[1],"8":[0,0]}}
,"E:\\Assessment Project\\readyon-timeoff\\apps\\timeoff-service\\src\\sync\\entities\\sync-event.entity.ts": {"path":"E:\\Assessment Project\\readyon-timeoff\\apps\\timeoff-service\\src\\sync\\entities\\sync-event.entity.ts","statementMap":{"0":{"start":{"line":1,"column":0},"end":{"line":1,"column":90}},"1":{"start":{"line":3,"column":0},"end":{"line":3,"column":null}},"2":{"start":{"line":4,"column":2},"end":{"line":4,"column":null}},"3":{"start":{"line":5,"column":2},"end":{"line":5,"column":null}},"4":{"start":{"line":6,"column":2},"end":{"line":6,"column":null}},"5":{"start":{"line":9,"column":0},"end":{"line":9,"column":null}},"6":{"start":{"line":10,"column":2},"end":{"line":10,"column":null}},"7":{"start":{"line":11,"column":2},"end":{"line":11,"column":null}},"8":{"start":{"line":12,"column":2},"end":{"line":12,"column":null}},"9":{"start":{"line":17,"column":7},"end":{"line":41,"column":null}},"10":{"start":{"line":17,"column":13},"end":{"line":17,"column":28}},"11":{"start":{"line":19,"column":2},"end":{"line":19,"column":null}},"12":{"start":{"line":22,"column":2},"end":{"line":22,"column":null}},"13":{"start":{"line":25,"column":2},"end":{"line":25,"column":null}},"14":{"start":{"line":28,"column":2},"end":{"line":28,"column":null}},"15":{"start":{"line":31,"column":2},"end":{"line":31,"column":null}},"16":{"start":{"line":34,"column":2},"end":{"line":34,"column":null}},"17":{"start":{"line":37,"column":2},"end":{"line":37,"column":null}},"18":{"start":{"line":40,"column":2},"end":{"line":40,"column":null}},"19":{"start":{"line":17,"column":13},"end":{"line":41,"column":null}}},"fnMap":{"0":{"name":"(anonymous_2)","decl":{"start":{"line":3,"column":0},"end":{"line":3,"column":12}},"loc":{"start":{"line":3,"column":27},"end":{"line":7,"column":1}}},"1":{"name":"(anonymous_3)","decl":{"start":{"line":9,"column":0},"end":{"line":9,"column":12}},"loc":{"start":{"line":9,"column":27},"end":{"line":13,"column":1}}}},"branchMap":{"0":{"loc":{"start":{"line":3,"column":12},"end":{"line":3,"column":null}},"type":"binary-expr","locations":[{"start":{"line":3,"column":12},"end":{"line":3,"column":27}},{"start":{"line":3,"column":27},"end":{"line":3,"column":null}}]},"1":{"loc":{"start":{"line":9,"column":12},"end":{"line":9,"column":null}},"type":"binary-expr","locations":[{"start":{"line":9,"column":12},"end":{"line":9,"column":27}},{"start":{"line":9,"column":27},"end":{"line":9,"column":null}}]}},"s":{"0":6,"1":6,"2":6,"3":6,"4":6,"5":6,"6":6,"7":6,"8":6,"9":6,"10":6,"11":6,"12":6,"13":6,"14":6,"15":6,"16":6,"17":6,"18":6,"19":6},"f":{"0":6,"1":6},"b":{"0":[6,6],"1":[6,6]}}
}
