TN:
SF:apps\timeoff-service\src\app.module.ts
FN:37,(anonymous_2)
FNF:1
FNH:1
FNDA:2,(anonymous_2)
DA:1,2
DA:2,2
DA:3,2
DA:4,2
DA:5,2
DA:6,2
DA:7,2
DA:8,2
DA:9,2
DA:10,2
DA:11,2
DA:12,2
DA:37,2
DA:56,2
LF:14
LH:14
BRDA:16,0,0,2
BRDA:16,0,1,0
BRDA:39,1,0,2
BRDA:39,1,1,2
BRF:4
BRH:3
end_of_record
TN:
SF:apps\timeoff-service\src\audit\audit.module.ts
FNF:0
FNH:0
DA:1,2
DA:2,2
DA:3,2
DA:4,2
DA:11,2
LF:5
LH:5
BRF:0
BRH:0
end_of_record
TN:
SF:apps\timeoff-service\src\audit\audit.service.ts
FN:17,(anonymous_4)
FN:22,(anonymous_5)
FN:35,(anonymous_6)
FNF:3
FNH:3
FNDA:9,(anonymous_4)
FNDA:11,(anonymous_5)
FNDA:2,(anonymous_6)
DA:1,6
DA:2,6
DA:3,6
DA:4,6
DA:16,6
DA:19,9
DA:23,11
DA:32,11
DA:36,2
LF:9
LH:9
BRDA:27,0,0,11
BRDA:27,0,1,1
BRDA:28,1,0,11
BRDA:28,1,1,6
BRDA:29,2,0,11
BRDA:29,2,1,1
BRF:6
BRH:6
end_of_record
TN:
SF:apps\timeoff-service\src\audit\entities\audit-log.entity.ts
FNF:0
FNH:0
DA:1,6
DA:4,6
DA:6,6
DA:9,6
DA:12,6
DA:15,6
DA:18,6
DA:21,6
DA:24,6
DA:27,6
LF:10
LH:10
BRF:0
BRH:0
end_of_record
TN:
SF:apps\timeoff-service\src\balance\balance.controller.ts
FN:7,(anonymous_4)
FN:10,(anonymous_5)
FN:13,(anonymous_6)
FN:29,(anonymous_7)
FN:37,(anonymous_8)
FNF:5
FNH:3
FNDA:2,(anonymous_4)
FNDA:0,(anonymous_5)
FNDA:0,(anonymous_6)
FNDA:3,(anonymous_7)
FNDA:3,(anonymous_8)
DA:1,2
DA:2,2
DA:6,2
DA:7,2
DA:10,2
DA:11,0
DA:13,0
DA:29,2
DA:33,3
DA:35,3
DA:37,3
LF:11
LH:9
BRDA:35,0,0,3
BRDA:35,0,1,0
BRF:2
BRH:1
end_of_record
TN:
SF:apps\timeoff-service\src\balance\balance.module.ts
FNF:0
FNH:0
DA:1,2
DA:2,2
DA:3,2
DA:4,2
DA:5,2
DA:13,2
LF:6
LH:6
BRF:0
BRH:0
end_of_record
TN:
SF:apps\timeoff-service\src\balance\balance.service.ts
FN:17,(anonymous_4)
FN:25,(anonymous_5)
FN:31,(anonymous_6)
FN:63,(anonymous_7)
FN:132,(anonymous_8)
FN:138,(anonymous_9)
FN:157,(anonymous_10)
FN:163,(anonymous_11)
FN:180,(anonymous_12)
FN:186,(anonymous_13)
FN:202,(anonymous_14)
FN:203,(anonymous_15)
FNF:12
FNH:12
FNDA:37,(anonymous_4)
FNDA:1,(anonymous_5)
FNDA:14,(anonymous_6)
FNDA:19,(anonymous_7)
FNDA:5,(anonymous_8)
FNDA:5,(anonymous_9)
FNDA:3,(anonymous_10)
FNDA:3,(anonymous_11)
FNDA:4,(anonymous_12)
FNDA:4,(anonymous_13)
FNDA:9,(anonymous_14)
FNDA:9,(anonymous_15)
DA:1,11
DA:2,11
DA:3,11
DA:4,11
DA:5,11
DA:14,11
DA:19,37
DA:20,37
DA:22,37
DA:26,1
DA:36,14
DA:37,9
DA:41,9
DA:42,1
DA:47,8
DA:50,5
DA:54,5
DA:55,1
DA:60,4
DA:70,19
DA:72,19
DA:73,40
DA:74,40
DA:78,39
DA:79,1
DA:84,38
DA:85,38
DA:86,1
DA:91,37
DA:92,37
DA:101,37
DA:102,1
DA:104,36
DA:107,37
DA:109,37
DA:110,22
DA:115,15
DA:117,25
DA:118,21
DA:120,21
DA:123,4
DA:127,0
DA:138,5
DA:139,5
DA:143,5
DA:144,1
DA:149,4
DA:150,4
DA:151,4
DA:153,4
DA:163,3
DA:164,3
DA:168,3
DA:169,1
DA:174,2
DA:175,2
DA:176,2
DA:186,4
DA:187,4
DA:191,4
DA:192,1
DA:197,3
DA:198,3
DA:203,9
DA:204,9
DA:212,9
DA:214,2
DA:224,2
DA:225,2
DA:230,7
DA:233,7
DA:234,3
DA:241,3
DA:245,4
DA:246,4
DA:247,4
LF:76
LH:75
BRDA:22,0,0,37
BRDA:22,0,1,37
BRDA:36,1,0,9
BRDA:41,2,0,1
BRDA:54,3,0,1
BRDA:78,4,0,1
BRDA:85,5,0,1
BRDA:91,6,0,37
BRDA:91,6,1,1
BRDA:101,7,0,1
BRDA:101,7,1,36
BRDA:109,8,0,22
BRDA:117,9,0,21
BRDA:117,10,0,25
BRDA:117,10,1,22
BRDA:127,11,0,0
BRDA:127,11,1,0
BRDA:143,12,0,1
BRDA:168,13,0,1
BRDA:191,14,0,1
BRDA:212,15,0,2
BRDA:230,16,0,7
BRDA:230,16,1,4
BRDA:233,17,0,3
BRF:24
BRH:22
end_of_record
TN:
SF:apps\timeoff-service\src\balance\entities\leave-balance.entity.ts
FN:39,(anonymous_2)
FNF:1
FNH:1
FNDA:9,(anonymous_2)
DA:1,11
DA:5,11
DA:7,11
DA:10,11
DA:13,11
DA:16,11
DA:19,11
DA:22,11
DA:25,11
DA:28,11
DA:31,11
DA:34,11
DA:37,11
DA:40,9
LF:14
LH:14
BRF:0
BRH:0
end_of_record
TN:
SF:apps\timeoff-service\src\hcm\hcm-mock.adapter.ts
FN:21,(anonymous_2)
FN:25,(anonymous_3)
FN:46,(anonymous_4)
FN:56,(anonymous_5)
FN:61,(anonymous_6)
FN:90,(anonymous_7)
FN:107,(anonymous_8)
FN:127,(anonymous_9)
FN:138,(anonymous_10)
FN:143,(anonymous_11)
FNF:10
FNH:10
FNDA:47,(anonymous_2)
FNDA:5,(anonymous_3)
FNDA:6,(anonymous_4)
FNDA:1,(anonymous_5)
FNDA:1,(anonymous_6)
FNDA:2,(anonymous_7)
FNDA:1,(anonymous_8)
FNDA:47,(anonymous_9)
FNDA:1,(anonymous_10)
FNDA:1,(anonymous_11)
DA:1,7
DA:2,7
DA:16,7
DA:17,47
DA:18,47
DA:19,47
DA:22,47
DA:30,5
DA:31,5
DA:33,5
DA:34,1
DA:37,4
DA:47,6
DA:48,6
DA:50,6
DA:51,1
DA:55,5
DA:56,1
DA:58,5
DA:59,1
DA:61,1
DA:67,4
DA:68,4
DA:69,1
DA:75,3
DA:78,3
DA:79,3
DA:84,3
DA:91,2
DA:92,2
DA:93,1
DA:96,1
DA:97,1
DA:98,1
DA:100,1
DA:101,1
DA:104,1
DA:108,1
DA:109,1
DA:110,4
DA:111,4
DA:113,1
DA:115,3
DA:123,1
DA:128,47
DA:129,47
DA:130,47
DA:133,47
DA:134,47
DA:135,47
DA:139,1
DA:140,1
DA:144,1
DA:145,1
LF:54
LH:54
BRDA:33,0,0,1
BRDA:50,1,0,1
BRDA:58,2,0,1
BRDA:68,3,0,1
BRDA:92,4,0,1
BRDA:100,5,0,1
BRDA:111,6,0,1
BRDA:111,7,0,4
BRDA:111,7,1,4
BRDA:111,7,2,3
BRF:10
BRH:10
end_of_record
TN:
SF:apps\timeoff-service\src\hcm\hcm.adapter.ts
FN:24,(anonymous_2)
FN:35,(anonymous_3)
FN:64,(anonymous_4)
FN:91,(anonymous_5)
FN:116,(anonymous_6)
FN:141,(anonymous_7)
FNF:6
FNH:5
FNDA:16,(anonymous_2)
FNDA:10,(anonymous_3)
FNDA:4,(anonymous_4)
FNDA:2,(anonymous_5)
FNDA:0,(anonymous_6)
FNDA:13,(anonymous_7)
DA:1,3
DA:2,3
DA:3,3
DA:4,3
DA:6,3
DA:20,3
DA:25,16
DA:26,16
DA:28,16
DA:29,16
DA:40,10
DA:41,10
DA:43,10
DA:51,3
DA:52,2
DA:55,1
DA:57,9
DA:67,4
DA:68,4
DA:70,4
DA:78,2
DA:79,1
DA:82,1
DA:84,3
DA:92,2
DA:93,2
DA:95,2
DA:103,1
DA:104,0
DA:107,1
DA:109,1
DA:117,0
DA:118,0
DA:120,0
DA:128,0
DA:129,0
DA:132,0
DA:134,0
DA:143,13
DA:148,4
DA:151,9
DA:154,9
DA:155,2
DA:157,2
DA:158,1
DA:163,1
DA:164,1
DA:171,7
DA:177,4
DA:183,3
DA:184,1
DA:188,2
LF:52
LH:44
BRDA:51,0,0,2
BRDA:51,1,0,3
BRDA:51,1,1,2
BRDA:78,2,0,1
BRDA:78,3,0,2
BRDA:78,3,1,1
BRDA:103,4,0,0
BRDA:128,5,0,0
BRDA:128,6,0,0
BRDA:128,6,1,0
BRDA:143,7,0,4
BRDA:144,8,0,13
BRDA:144,8,1,12
BRDA:144,8,2,12
BRDA:154,9,0,2
BRDA:157,10,0,1
BRDA:159,11,0,1
BRDA:159,11,1,1
BRDA:163,12,0,1
BRDA:165,13,0,1
BRDA:165,13,1,1
BRDA:171,14,0,4
BRDA:172,15,0,7
BRDA:172,15,1,6
BRDA:172,15,2,6
BRDA:172,15,3,4
BRDA:178,16,0,4
BRDA:178,16,1,1
BRDA:183,17,0,1
BRDA:189,18,0,2
BRDA:189,18,1,0
BRF:31
BRH:26
end_of_record
TN:
SF:apps\timeoff-service\src\hcm\hcm.module.ts
FNF:0
FNH:0
DA:1,2
DA:2,2
DA:3,2
DA:4,2
DA:16,2
LF:5
LH:5
BRDA:11,0,0,2
BRDA:11,0,1,0
BRF:2
BRH:1
end_of_record
TN:
SF:apps\timeoff-service\src\health\health.controller.ts
FN:20,(anonymous_4)
FN:27,(anonymous_5)
FNF:2
FNH:2
FNDA:13,(anonymous_4)
FNDA:11,(anonymous_5)
DA:1,3
DA:2,3
DA:19,3
DA:21,13
DA:23,13
DA:27,3
DA:28,11
DA:34,11
DA:35,11
DA:37,4
DA:41,11
DA:42,11
DA:44,4
DA:47,11
DA:48,11
DA:50,11
DA:52,11
LF:17
LH:17
BRDA:37,0,0,4
BRDA:37,0,1,1
BRDA:44,1,0,4
BRDA:44,1,1,1
BRDA:47,2,0,11
BRDA:47,2,1,7
BRDA:48,3,0,11
BRDA:48,3,1,4
BRDA:50,4,0,4
BRDA:50,4,1,7
BRDA:50,5,0,1
BRDA:50,5,1,6
BRF:12
BRH:12
end_of_record
TN:
SF:apps\timeoff-service\src\health\health.module.ts
FNF:0
FNH:0
DA:1,2
DA:2,2
DA:3,2
DA:9,2
LF:4
LH:4
BRF:0
BRH:0
end_of_record
TN:
SF:apps\timeoff-service\src\requests\requests.controller.ts
FN:20,(anonymous_4)
FN:23,(anonymous_5)
FN:28,(anonymous_6)
FN:39,(anonymous_7)
FN:44,(anonymous_8)
FN:56,(anonymous_9)
FN:64,(anonymous_10)
FNF:7
FNH:7
FNDA:12,(anonymous_4)
FNDA:2,(anonymous_5)
FNDA:4,(anonymous_6)
FNDA:1,(anonymous_7)
FNDA:4,(anonymous_8)
FNDA:2,(anonymous_9)
FNDA:1,(anonymous_10)
DA:1,3
DA:12,3
DA:13,3
DA:14,3
DA:15,3
DA:16,3
DA:19,3
DA:20,12
DA:23,3
DA:24,2
DA:28,3
DA:32,4
DA:33,4
DA:34,4
DA:35,4
DA:39,3
DA:40,1
DA:44,3
DA:48,4
DA:49,2
DA:52,2
DA:56,3
DA:60,2
DA:64,3
DA:68,1
LF:25
LH:25
BRDA:33,0,0,2
BRDA:34,1,0,2
BRDA:48,2,0,2
BRF:3
BRH:3
end_of_record
TN:
SF:apps\timeoff-service\src\requests\requests.module.ts
FNF:0
FNH:0
DA:1,2
DA:2,2
DA:3,2
DA:4,2
DA:5,2
DA:6,2
DA:7,2
DA:8,2
DA:21,2
LF:9
LH:9
BRF:0
BRH:0
end_of_record
TN:
SF:apps\timeoff-service\src\requests\requests.service.ts
FN:24,(anonymous_13)
FN:34,(anonymous_14)
FN:35,(anonymous_15)
FN:38,(anonymous_16)
FN:105,(anonymous_17)
FN:109,(anonymous_18)
FN:144,(anonymous_19)
FN:314,(anonymous_20)
FN:352,(anonymous_21)
FN:357,(anonymous_22)
FN:401,(anonymous_23)
FN:402,(anonymous_24)
FN:464,(anonymous_25)
FN:483,(anonymous_26)
FNF:14
FNH:14
FNDA:32,(anonymous_13)
FNDA:8,(anonymous_14)
FNDA:8,(anonymous_15)
FNDA:8,(anonymous_16)
FNDA:12,(anonymous_17)
FNDA:12,(anonymous_18)
FNDA:10,(anonymous_19)
FNDA:3,(anonymous_20)
FNDA:4,(anonymous_21)
FNDA:4,(anonymous_22)
FNDA:6,(anonymous_23)
FNDA:6,(anonymous_24)
FNDA:3,(anonymous_25)
FNDA:2,(anonymous_26)
DA:1,5
DA:2,5
DA:3,5
DA:4,5
DA:5,5
DA:15,5
DA:16,5
DA:17,5
DA:23,5
DA:26,32
DA:28,32
DA:29,32
DA:30,32
DA:31,32
DA:35,8
DA:37,8
DA:38,8
DA:48,8
DA:49,1
DA:54,7
DA:55,7
DA:56,1
DA:62,6
DA:65,6
DA:74,6
DA:89,6
DA:92,6
DA:101,6
DA:109,12
DA:110,12
DA:114,12
DA:115,1
DA:118,11
DA:119,1
DA:124,10
DA:127,10
DA:128,1
DA:129,1
DA:138,1
DA:143,10
DA:144,10
DA:154,10
DA:155,1
DA:160,9
DA:161,9
DA:163,1
DA:164,1
DA:165,1
DA:167,1
DA:174,1
DA:176,1
DA:185,1
DA:190,8
DA:191,8
DA:201,3
DA:203,1
DA:204,1
DA:205,1
DA:207,1
DA:216,1
DA:219,2
DA:224,1
DA:231,1
DA:232,1
DA:236,1
DA:238,1
DA:240,1
DA:249,1
DA:252,1
DA:255,5
DA:257,1
DA:264,1
DA:265,1
DA:266,1
DA:268,1
DA:270,1
DA:279,1
DA:283,4
DA:290,4
DA:291,4
DA:292,4
DA:294,4
DA:296,4
DA:306,4
DA:307,4
DA:313,3
DA:314,3
DA:324,3
DA:329,1
DA:345,1
DA:348,4
DA:357,4
DA:358,4
DA:362,4
DA:363,1
DA:366,3
DA:367,1
DA:372,2
DA:375,2
DA:382,2
DA:383,2
DA:384,2
DA:386,2
DA:388,2
DA:397,2
DA:402,6
DA:403,6
DA:407,6
DA:408,1
DA:411,5
DA:412,1
DA:415,4
DA:416,1
DA:419,3
DA:421,3
DA:423,3
DA:424,3
DA:427,2
DA:434,1
DA:435,1
DA:437,0
DA:439,0
DA:447,2
DA:449,2
DA:451,2
DA:460,2
DA:468,3
DA:470,3
DA:471,2
DA:476,3
DA:477,2
DA:480,3
DA:484,2
DA:488,2
DA:489,1
DA:492,1
LF:136
LH:134
BRDA:48,0,0,1
BRDA:55,1,0,1
BRDA:86,2,0,6
BRDA:86,2,1,5
BRDA:114,3,0,1
BRDA:118,4,0,1
BRDA:127,5,0,1
BRDA:154,6,0,1
BRDA:161,7,0,1
BRDA:201,8,0,1
BRDA:219,9,0,1
BRDA:220,10,0,2
BRDA:220,10,1,1
BRDA:233,11,0,1
BRDA:233,11,1,0
BRDA:255,12,0,1
BRDA:265,13,0,1
BRDA:265,13,1,0
BRDA:324,14,0,1
BRDA:325,15,0,3
BRDA:325,15,1,3
BRDA:325,15,2,2
BRDA:362,16,0,1
BRDA:366,17,0,1
BRDA:407,18,0,1
BRDA:411,19,0,1
BRDA:415,20,0,1
BRDA:421,21,0,3
BRDA:421,21,1,0
BRDA:421,22,0,3
BRDA:421,22,1,3
BRDA:437,23,0,0
BRDA:470,24,0,2
BRDA:476,25,0,2
BRDA:488,26,0,1
BRF:35
BRH:31
end_of_record
TN:
SF:apps\timeoff-service\src\requests\entities\time-off-request.entity.ts
FN:3,(anonymous_2)
FNF:1
FNH:1
FNDA:9,(anonymous_2)
DA:1,9
DA:3,9
DA:4,9
DA:5,9
DA:6,9
DA:7,9
DA:8,9
DA:9,9
DA:13,9
DA:15,9
DA:18,9
DA:21,9
DA:24,9
DA:27,9
DA:30,9
DA:33,9
DA:36,9
DA:39,9
DA:42,9
DA:45,9
DA:48,9
DA:51,9
DA:54,9
LF:23
LH:23
BRDA:3,0,0,9
BRDA:3,0,1,9
BRF:2
BRH:2
end_of_record
TN:
SF:apps\timeoff-service\src\shared\exceptions.ts
FNF:0
FNH:0
DA:1,15
DA:2,5
DA:5,15
DA:6,3
DA:9,15
DA:10,7
DA:13,15
DA:14,11
DA:17,15
DA:18,7
DA:21,15
DA:22,5
DA:25,15
DA:26,7
DA:29,15
DA:30,4
DA:33,15
DA:34,13
DA:37,15
DA:38,25
DA:41,15
DA:42,2
LF:22
LH:22
BRF:0
BRH:0
end_of_record
TN:
SF:apps\timeoff-service\src\shared\timeoff-exception.filter.ts
FN:21,(anonymous_1)
FN:40,(anonymous_2)
FNF:2
FNH:2
FNDA:13,(anonymous_1)
FNDA:13,(anonymous_2)
DA:1,1
DA:3,1
DA:4,1
DA:20,1
DA:22,13
DA:23,13
DA:24,13
DA:26,13
DA:27,13
DA:29,13
DA:30,13
DA:32,13
DA:41,13
DA:42,1
DA:44,12
DA:45,1
DA:47,11
DA:48,1
DA:50,10
DA:51,1
DA:53,9
DA:54,1
DA:56,8
DA:57,1
DA:59,7
DA:60,2
DA:62,5
DA:63,1
DA:65,4
DA:66,1
DA:69,3
LF:31
LH:31
BRDA:27,0,0,12
BRDA:27,0,1,1
BRDA:27,1,0,13
BRDA:27,1,1,12
BRDA:30,2,0,12
BRDA:30,2,1,1
BRDA:41,3,0,1
BRDA:44,4,0,1
BRDA:47,5,0,1
BRDA:50,6,0,1
BRDA:53,7,0,1
BRDA:56,8,0,1
BRDA:59,9,0,2
BRDA:59,10,0,7
BRDA:59,10,1,6
BRDA:62,11,0,1
BRDA:65,12,0,1
BRF:17
BRH:17
end_of_record
TN:
SF:apps\timeoff-service\src\sync\reconciliation.cron.ts
FN:9,(anonymous_2)
FN:12,(anonymous_3)
FNF:2
FNH:2
FNDA:15,(anonymous_2)
FNDA:15,(anonymous_3)
DA:1,4
DA:2,4
DA:3,4
DA:6,4
DA:7,15
DA:9,15
DA:12,4
DA:13,15
DA:14,14
LF:9
LH:9
BRDA:11,0,0,4
BRDA:11,0,1,4
BRF:2
BRH:2
end_of_record
TN:
SF:apps\timeoff-service\src\sync\reconciliation.service.ts
FN:15,(anonymous_4)
FN:21,(anonymous_5)
FNF:2
FNH:2
FNDA:6,(anonymous_4)
FNDA:4,(anonymous_5)
DA:1,4
DA:2,4
DA:3,4
DA:4,4
DA:5,4
DA:14,4
DA:17,6
DA:18,6
DA:22,4
DA:28,4
DA:29,4
DA:33,4
DA:35,4
DA:36,5
DA:37,5
DA:38,5
DA:40,5
DA:46,3
DA:47,2
DA:50,2
DA:51,2
DA:57,4
LF:22
LH:22
BRDA:21,0,0,4
BRDA:46,1,0,2
BRDA:46,2,0,3
BRDA:46,2,1,2
BRDA:50,3,0,1
BRDA:50,3,1,1
BRF:6
BRH:6
end_of_record
TN:
SF:apps\timeoff-service\src\sync\sync.controller.ts
FN:19,(anonymous_4)
FN:25,(anonymous_5)
FN:34,(anonymous_6)
FN:43,(anonymous_7)
FN:51,(anonymous_8)
FNF:5
FNH:3
FNDA:2,(anonymous_4)
FNDA:3,(anonymous_5)
FNDA:0,(anonymous_6)
FNDA:0,(anonymous_7)
FNDA:3,(anonymous_8)
DA:1,2
DA:10,2
DA:11,2
DA:12,2
DA:13,2
DA:14,2
DA:18,2
DA:20,2
DA:21,2
DA:25,2
DA:29,3
DA:30,1
DA:34,2
DA:38,0
DA:39,0
DA:43,2
DA:48,0
DA:52,3
DA:53,1
DA:56,2
DA:57,2
DA:58,2
DA:62,2
DA:63,1
LF:24
LH:21
BRDA:52,0,0,1
BRDA:62,1,0,1
BRF:2
BRH:2
end_of_record
TN:
SF:apps\timeoff-service\src\sync\sync.module.ts
FNF:0
FNH:0
DA:1,2
DA:2,2
DA:3,2
DA:4,2
DA:5,2
DA:6,2
DA:7,2
DA:8,2
DA:9,2
DA:10,2
DA:11,2
DA:23,2
LF:12
LH:12
BRF:0
BRH:0
end_of_record
TN:
SF:apps\timeoff-service\src\sync\sync.service.ts
FN:15,(anonymous_4)
FN:28,(anonymous_5)
FN:29,(anonymous_6)
FN:89,(anonymous_7)
FN:164,(anonymous_8)
FN:179,(anonymous_9)
FNF:6
FNH:5
FNDA:9,(anonymous_4)
FNDA:3,(anonymous_5)
FNDA:3,(anonymous_6)
FNDA:4,(anonymous_7)
FNDA:2,(anonymous_8)
FNDA:0,(anonymous_9)
DA:1,6
DA:2,6
DA:3,6
DA:4,6
DA:6,6
DA:7,6
DA:10,6
DA:11,6
DA:14,6
DA:17,9
DA:19,9
DA:21,9
DA:23,9
DA:24,9
DA:25,9
DA:29,3
DA:30,3
DA:31,3
DA:33,3
DA:34,3
DA:42,3
DA:43,3
DA:44,2
DA:47,2
DA:49,1
DA:50,1
DA:58,1
DA:59,1
DA:61,1
DA:63,1
DA:72,1
DA:73,1
DA:74,1
DA:75,1
DA:76,1
DA:85,3
DA:91,4
DA:92,4
DA:95,4
DA:99,4
DA:101,2
DA:105,2
DA:112,2
DA:114,2
DA:116,2
DA:125,2
DA:133,2
DA:134,2
DA:135,2
DA:144,2
DA:145,2
DA:146,1
DA:147,1
DA:153,2
DA:154,2
DA:155,2
DA:157,0
DA:158,0
DA:159,0
DA:160,0
DA:169,2
DA:175,2
DA:176,2
DA:180,0
LF:64
LH:59
BRDA:43,0,0,2
BRDA:47,1,0,1
BRDA:58,2,0,1
BRDA:61,3,0,1
BRDA:73,4,0,1
BRDA:99,5,0,2
BRDA:133,6,0,2
BRDA:145,7,0,1
BRDA:158,8,0,0
BRDA:158,8,1,0
BRF:10
BRH:8
end_of_record
TN:
SF:apps\timeoff-service\src\sync\entities\sync-event.entity.ts
FN:3,(anonymous_2)
FN:9,(anonymous_3)
FNF:2
FNH:2
FNDA:6,(anonymous_2)
FNDA:6,(anonymous_3)
DA:1,6
DA:3,6
DA:4,6
DA:5,6
DA:6,6
DA:9,6
DA:10,6
DA:11,6
DA:12,6
DA:17,6
DA:19,6
DA:22,6
DA:25,6
DA:28,6
DA:31,6
DA:34,6
DA:37,6
DA:40,6
LF:18
LH:18
BRDA:3,0,0,6
BRDA:3,0,1,6
BRDA:9,1,0,6
BRDA:9,1,1,6
BRF:4
BRH:4
end_of_record
